"../../../Breach/Content/Maps/AIDemo_BuiltData.uasset" 0
"../../../Breach/Content/Maps/FirstPersonExampleMap_BuiltData.uasset" 1
"../../../Breach/Content/Maps/Level_1_BuiltData.uasset" 2
"../../../Engine/Content/EngineMeshes/Humanoid.uasset" 3
"../../../Breach/Content/AnimStarterPack/UE4_Mannequin/Mesh/UE4_Mannequin_Skeleton.uasset" 4
"../../../Breach/Content/AnimStarterPack/Aim_Space_Hip.uasset" 5
"../../../Breach/Content/AnimStarterPack/Aim_Space_Ironsights.uasset" 6
"../../../Breach/Content/AnimStarterPack/Crouch_to_Stand_Rifle_Hip.uasset" 7
"../../../Breach/Content/AnimStarterPack/Crouch_to_Stand_Rifle_Ironsights.uasset" 8
"../../../Breach/Content/AnimStarterPack/Crouch_Walk_Bwd_Rifle_Ironsights.uasset" 9
"../../../Breach/Content/AnimStarterPack/Crouch_Walk_Lt_Rifle_Ironsights.uasset" 10
"../../../Breach/Content/AnimStarterPack/Crouch_Walk_Rt_Rifle_Ironsights.uasset" 11
"../../../Breach/Content/AnimStarterPack/Death_1.uasset" 12
"../../../Breach/Content/AnimStarterPack/Death_2.uasset" 13
"../../../Breach/Content/AnimStarterPack/Death_3.uasset" 14
"../../../Breach/Content/AnimStarterPack/Death_Ironsights_1.uasset" 15
"../../../Breach/Content/AnimStarterPack/Death_Ironsights_2.uasset" 16
"../../../Breach/Content/AnimStarterPack/Equip_Rifle_Standing.uasset" 17
"../../../Breach/Content/AnimStarterPack/Fire_Rifle_Hip.uasset" 18
"../../../Breach/Content/AnimStarterPack/Fire_Shotgun_Hip.uasset" 19
"../../../Breach/Content/AnimStarterPack/Fire_Shotgun_Ironsights.uasset" 20
"../../../Breach/Content/AnimStarterPack/Hit_React_4.uasset" 21
"../../../Breach/Content/AnimStarterPack/Idle_Pistol.uasset" 22
"../../../Breach/Content/AnimStarterPack/Idle_Rifle_Ironsights.uasset" 23
"../../../Breach/Content/AnimStarterPack/Jump_From_Stand_Ironsights.uasset" 24
"../../../Breach/Content/AnimStarterPack/Prone_Death_1.uasset" 25
"../../../Breach/Content/AnimStarterPack/Prone_Death_2.uasset" 26
"../../../Breach/Content/AnimStarterPack/Prone_Fire_1.uasset" 27
"../../../Breach/Content/AnimStarterPack/Prone_Fire_2.uasset" 28
"../../../Breach/Content/AnimStarterPack/Prone_Idle.uasset" 29
"../../../Breach/Content/AnimStarterPack/Prone_Reload_Rifle.uasset" 30
"../../../Breach/Content/AnimStarterPack/Prone_Reload_Shotgun.uasset" 31
"../../../Breach/Content/AnimStarterPack/Prone_To_Stand.uasset" 32
"../../../Breach/Content/AnimStarterPack/Reload_Pistol.uasset" 33
"../../../Breach/Content/AnimStarterPack/Reload_Rifle_Ironsights.uasset" 34
"../../../Breach/Content/AnimStarterPack/Reload_Shotgun_Hip.uasset" 35
"../../../Breach/Content/AnimStarterPack/Reload_Shotgun_Ironsights.uasset" 36
"../../../Breach/Content/AnimStarterPack/Sprint_Fwd_Rifle.uasset" 37
"../../../Breach/Content/AnimStarterPack/Stand_to_Crouch_Rifle_Hip.uasset" 38
"../../../Breach/Content/AnimStarterPack/Stand_to_Crouch_Rifle_Ironsights.uasset" 39
"../../../Breach/Content/AnimStarterPack/Stand_To_Prone.uasset" 40
"../../../Breach/Content/AnimStarterPack/Walk_Bwd_Rifle_Ironsights.uasset" 41
"../../../Breach/Content/AnimStarterPack/Walk_Lt_Rifle_Ironsights.uasset" 42
"../../../Breach/Content/AnimStarterPack/Walk_Rt_Rifle_Ironsights.uasset" 43
"../../../Breach/Content/Audio/SFX/MySounds/gun_semi_auto_rifle_cock_01.uasset" 44
"../../../Breach/Content/Audio/SFX/MySounds/gun_semi_auto_rifle_cock_01_Cue.uasset" 45
"../../../Breach/Content/Audio/SFX/MySounds/gun_semi_auto_rifle_magazine_load_01.uasset" 46
"../../../Breach/Content/Audio/SFX/MySounds/gun_semi_auto_rifle_magazine_load_01_Cue.uasset" 47
"../../../Breach/Content/Audio/SFX/MySounds/gun_semi_auto_rifle_magazine_unload_01.uasset" 48
"../../../Breach/Content/Audio/SFX/MySounds/gun_semi_auto_rifle_magazine_unload_01_Cue.uasset" 49
"../../../Engine/Content/EditorBlueprintResources/StandardMacros.uasset" 50
"../../../Breach/Content/BlueprintSource/BP_MyOwnGameInstance.uasset" 51
"../../../Breach/Content/IBWP3DAssaultRiflePack/Weapons/XM8/XM8_Skeleton.uasset" 52
"../../../Breach/Content/IBWP3DAssaultRiflePack/Weapons/XM8/Animations/ANIM_XM8_Idle.uasset" 53
"../../../Breach/Content/IBWP3DAssaultRiflePack/Weapons/XM8/XM8_Skeleton_AnimBlueprint.uasset" 54
"../../../Breach/Content/SkeletonMeshes/FirstPersonArms/FPSArms_Skeleton.uasset" 55
"../../../Breach/Content/SkeletonMeshes/FirstPersonArms/Animations/ANIM_SKAR_ADS-Walk.uasset" 56
"../../../Breach/Content/SkeletonMeshes/FirstPersonArms/Animations/ANIM_SKAR_Idle.uasset" 57
"../../../Breach/Content/SkeletonMeshes/FirstPersonArms/Animations/ANIM_SKAR_Idle_ADS.uasset" 58
"../../../Breach/Content/SkeletonMeshes/FirstPersonArms/Animations/ANIM_SKAR_Walk.uasset" 59
"../../../Breach/Content/SkeletonMeshes/FirstPersonArms/Animations/ANIM_SKS_Idle.uasset" 60
"../../../Breach/Content/SkeletonMeshes/FirstPersonArms/Animations/ANIM_SKS_IdleADS.uasset" 61
"../../../Breach/Content/SkeletonMeshes/FirstPersonArms/Animations/ANIM_SKS_Walk.uasset" 62
"../../../Breach/Content/SkeletonMeshes/FirstPersonArms/Animations/ANIM_SKS_Walk_ADS.uasset" 63
"../../../Breach/Content/SkeletonMeshes/FirstPersonArms/Animations/ANIM_X8M_Walk.uasset" 64
"../../../Breach/Content/SkeletonMeshes/FirstPersonArms/Animations/ANIM_XM8_ADS-walk.uasset" 65
"../../../Breach/Content/SkeletonMeshes/FirstPersonArms/Animations/ANIM_XM8_ADSIdle.uasset" 66
"../../../Breach/Content/SkeletonMeshes/FirstPersonArms/Animations/ANIM_XM8_Idle.uasset" 67
"../../../Breach/Content/IBWP3DAssaultRiflePack/Weapons/SCAR/SKAR_Skeleton.uasset" 68
"../../../Breach/Content/IBWP3DAssaultRiflePack/Weapons/SCAR/Animations/ANIM_SKAR_Idle.uasset" 69
"../../../Breach/Content/IBWP3DAssaultRiflePack/Weapons/SCAR/SKAR_Skeleton_AnimBlueprint.uasset" 70
"../../../Breach/Content/IBWP3DAssaultRiflePack/Weapons/SKS/SKS_Skeleton.uasset" 71
"../../../Breach/Content/IBWP3DAssaultRiflePack/Weapons/SKS/SKS_Skeleton_AnimBlueprint.uasset" 72
"../../../Breach/Content/IBWP3DAssaultRiflePack/Weapons/SCAR/Animations/ANIM_SKAR_Fire.uasset" 73
"../../../Breach/Content/IBWP3DAssaultRiflePack/Weapons/SCAR/Animations/ANIM_SKAR_Fire_Montage.uasset" 74
"../../../Breach/Content/IBWP3DAssaultRiflePack/Weapons/SCAR/Animations/ANIM_SKAR_Reload.uasset" 75
"../../../Breach/Content/IBWP3DAssaultRiflePack/Weapons/SCAR/Animations/ANIM_SKAR_Reload_Montage.uasset" 76
"../../../Breach/Content/IBWP3DAssaultRiflePack/Weapons/SKS/Animation/ANIM_SKS_Fire.uasset" 77
"../../../Breach/Content/IBWP3DAssaultRiflePack/Weapons/SKS/Animation/ANIM_SKS_Fire_Montage.uasset" 78
"../../../Breach/Content/IBWP3DAssaultRiflePack/Weapons/SKS/Animation/ANIM_SKS_Reload.uasset" 79
"../../../Breach/Content/IBWP3DAssaultRiflePack/Weapons/SKS/Animation/ANIM_SKS_Reload_Montage.uasset" 80
"../../../Breach/Content/IBWP3DAssaultRiflePack/Weapons/XM8/Animations/ANIM_XM8_Fire.uasset" 81
"../../../Breach/Content/IBWP3DAssaultRiflePack/Weapons/XM8/Animations/ANIM_XM8_Fire_Montage.uasset" 82
"../../../Breach/Content/IBWP3DAssaultRiflePack/Weapons/XM8/Animations/ANIM_XM8_Reload.uasset" 83
"../../../Breach/Content/IBWP3DAssaultRiflePack/Weapons/XM8/Animations/ANIM_XM8_Reload_Montage.uasset" 84
"../../../Breach/Content/SkeletonMeshes/FirstPersonArms/Animations/ANIM_SKAR_Fire_ADS.uasset" 85
"../../../Breach/Content/SkeletonMeshes/FirstPersonArms/Animations/ANIM_SKAR_Fire_ADS_Montage.uasset" 86
"../../../Breach/Content/SkeletonMeshes/FirstPersonArms/Animations/ANIM_SKAR_Fire.uasset" 87
"../../../Breach/Content/SkeletonMeshes/FirstPersonArms/Animations/ANIM_SKAR_Fire_Montage.uasset" 88
"../../../Breach/Content/SkeletonMeshes/FirstPersonArms/Animations/ANIM_SKAR_Lower.uasset" 89
"../../../Breach/Content/SkeletonMeshes/FirstPersonArms/Animations/ANIM_SKAR_Lower_Montage.uasset" 90
"../../../Breach/Content/SkeletonMeshes/FirstPersonArms/Animations/ANIM_SKAR_Raise.uasset" 91
"../../../Breach/Content/SkeletonMeshes/FirstPersonArms/Animations/ANIM_SKAR_Raise_Montage.uasset" 92
"../../../Breach/Content/SkeletonMeshes/FirstPersonArms/Animations/ANIM_SKAR_Reload.uasset" 93
"../../../Breach/Content/SkeletonMeshes/FirstPersonArms/Animations/ANIM_SKAR_Reload_Montage.uasset" 94
"../../../Breach/Content/SkeletonMeshes/FirstPersonArms/Animations/ANIM_SKS_Fire.uasset" 95
"../../../Breach/Content/SkeletonMeshes/FirstPersonArms/Animations/ANIM_SKS_Fire_Montage.uasset" 96
"../../../Breach/Content/SkeletonMeshes/FirstPersonArms/Animations/ANIM_SKS_FireADS.uasset" 97
"../../../Breach/Content/SkeletonMeshes/FirstPersonArms/Animations/ANIM_SKS_FireADS_Montage.uasset" 98
"../../../Breach/Content/SkeletonMeshes/FirstPersonArms/Animations/ANIM_SKS_Lower.uasset" 99
"../../../Breach/Content/SkeletonMeshes/FirstPersonArms/Animations/ANIM_SKS_Lower_Montage.uasset" 100
"../../../Breach/Content/SkeletonMeshes/FirstPersonArms/Animations/ANIM_SKS_Raise.uasset" 101
"../../../Breach/Content/SkeletonMeshes/FirstPersonArms/Animations/ANIM_SKS_Raise_Montage.uasset" 102
"../../../Breach/Content/SkeletonMeshes/FirstPersonArms/Animations/ANIM_SKS_Reload.uasset" 103
"../../../Breach/Content/SkeletonMeshes/FirstPersonArms/Animations/ANIM_SKS_Reload_Montage.uasset" 104
"../../../Breach/Content/SkeletonMeshes/FirstPersonArms/Animations/ANIM_XM8_ADSFire.uasset" 105
"../../../Breach/Content/SkeletonMeshes/FirstPersonArms/Animations/ANIM_XM8_ADSFire_Montage.uasset" 106
"../../../Breach/Content/SkeletonMeshes/FirstPersonArms/Animations/ANIM_XM8_Fire.uasset" 107
"../../../Breach/Content/SkeletonMeshes/FirstPersonArms/Animations/ANIM_XM8_Fire_Montage.uasset" 108
"../../../Breach/Content/SkeletonMeshes/FirstPersonArms/Animations/ANIM_XM8_Lower.uasset" 109
"../../../Breach/Content/SkeletonMeshes/FirstPersonArms/Animations/ANIM_XM8_Lower_Montage.uasset" 110
"../../../Breach/Content/SkeletonMeshes/FirstPersonArms/Animations/ANIM_XM8_Raise.uasset" 111
"../../../Breach/Content/SkeletonMeshes/FirstPersonArms/Animations/ANIM_XM8_Raise_Montage.uasset" 112
"../../../Breach/Content/SkeletonMeshes/FirstPersonArms/Animations/ANIM_XM8_Reload.uasset" 113
"../../../Breach/Content/SkeletonMeshes/FirstPersonArms/Animations/ANIM_XM8_Reload_Montage.uasset" 114
"../../../Breach/Content/FirstPersonBPIronbelly/Geometry/Meshes/BaseMaterial.uasset" 115
"../../../Breach/Content/FirstPersonBPIronbelly/Geometry/Meshes/FirstPersonProjectileMaterial.uasset" 116
"../../../Breach/Content/FirstPersonBPIronbelly/Geometry/Meshes/FirstPersonProjectileMesh.uasset" 117
"../../../Breach/Content/FirstPersonBPIronbelly/Blueprints/FirstPersonProjectileIronbelly.uasset" 118
"../../../Breach/Content/FirstPersonBPIronbelly/Blueprints/ShotCameraShake.uasset" 119
"../../../Breach/Content/FirstPersonBPIronbelly/Audio/FirstPersonTemplateWeaponFire02.uasset" 120
"../../../Breach/Content/IBWP3DAssaultRiflePack/Weapons/Particles/Textures/frontFlashes_COL.uasset" 121
"../../../Breach/Content/IBWP3DAssaultRiflePack/Weapons/Particles/Materials/Mat_FxMAT_MuzFlashFront02.uasset" 122
"../../../Breach/Content/IBWP3DAssaultRiflePack/Weapons/Particles/Textures/Side_COL.uasset" 123
"../../../Breach/Content/IBWP3DAssaultRiflePack/Weapons/Particles/Materials/Mat_FxMAT_muzFlashSide.uasset" 124
"../../../Breach/Content/IBWP3DAssaultRiflePack/Weapons/Particles/Textures/sideFlashes_COL.uasset" 125
"../../../Breach/Content/IBWP3DAssaultRiflePack/Weapons/Particles/Materials/Mat_FxMAT_MuzFlashSide02.uasset" 126
"../../../Breach/Content/IBWP3DAssaultRiflePack/Weapons/Particles/Textures/bpFade_COL.uasset" 127
"../../../Breach/Content/IBWP3DAssaultRiflePack/Weapons/Particles/Textures/smokePmask_COL.uasset" 128
"../../../Breach/Content/IBWP3DAssaultRiflePack/Weapons/Particles/Materials/Mat_FxMAT_Smoke01.uasset" 129
"../../../Breach/Content/IBWP3DAssaultRiflePack/Weapons/Particles/IB_VFX_SCAR.uasset" 130
"../../../Breach/Content/IBWP3DAssaultRiflePack/Weapons/Particles/Textures/glow_COL.uasset" 131
"../../../Breach/Content/IBWP3DAssaultRiflePack/Weapons/Particles/Materials/Mat_FxMAT_Orb.uasset" 132
"../../../Breach/Content/IBWP3DAssaultRiflePack/Weapons/Particles/Textures/FX_Smoke_Anim_COL.uasset" 133
"../../../Breach/Content/IBWP3DAssaultRiflePack/Weapons/Particles/Materials/Mat_FxMAT_Smoke02.uasset" 134
"../../../Breach/Content/IBWP3DAssaultRiflePack/Weapons/Particles/Textures/FX_Wind_COL.uasset" 135
"../../../Breach/Content/IBWP3DAssaultRiflePack/Weapons/Particles/Materials/Mat_FxMAT_smokeRing_02.uasset" 136
"../../../Breach/Content/IBWP3DAssaultRiflePack/Weapons/Particles/IB_VFX_SKS.uasset" 137
"../../../Breach/Content/IBWP3DAssaultRiflePack/Weapons/Particles/Textures/Front_COL.uasset" 138
"../../../Breach/Content/IBWP3DAssaultRiflePack/Weapons/Particles/Materials/Mat_FxMAT_muzFlashFront.uasset" 139
"../../../Breach/Content/IBWP3DAssaultRiflePack/Weapons/Particles/Meshes/SM_geo_akFmuzFlash_01.uasset" 140
"../../../Breach/Content/IBWP3DAssaultRiflePack/Weapons/Particles/IB_VFX_XM8.uasset" 141
"../../../Breach/Content/IBWP3DAssaultRiflePack/Weapons/XM8/Textures/XM8_Rifle_AO.uasset" 142
"../../../Breach/Content/IBWP3DAssaultRiflePack/Weapons/XM8/Textures/XM8_Rifle_COL.uasset" 143
"../../../Breach/Content/IBWP3DAssaultRiflePack/Weapons/XM8/Textures/XM8_Rifle_MET.uasset" 144
"../../../Breach/Content/IBWP3DAssaultRiflePack/Weapons/XM8/Textures/XM8_Rifle_NRM.uasset" 145
"../../../Breach/Content/IBWP3DAssaultRiflePack/Weapons/XM8/Textures/XM8_Rifle_RGS.uasset" 146
"../../../Breach/Content/FirstPersonBPIronbelly/MasterMaterial/WeaponMaster.uasset" 147
"../../../Breach/Content/IBWP3DAssaultRiflePack/Weapons/SCAR/Textures/SKAR_AO.uasset" 148
"../../../Breach/Content/IBWP3DAssaultRiflePack/Weapons/SCAR/Textures/SKAR_COL.uasset" 149
"../../../Breach/Content/IBWP3DAssaultRiflePack/Weapons/SCAR/Textures/SKAR_MET.uasset" 150
"../../../Breach/Content/IBWP3DAssaultRiflePack/Weapons/SCAR/Textures/SKAR_NRM.uasset" 151
"../../../Breach/Content/IBWP3DAssaultRiflePack/Weapons/SCAR/Textures/SKAR_RGS.uasset" 152
"../../../Breach/Content/IBWP3DAssaultRiflePack/Weapons/SCAR/Materials/MAT_SKAR.uasset" 153
"../../../Breach/Content/IBWP3DAssaultRiflePack/Weapons/SCAR/Textures/SKAR_Ammo_AO.uasset" 154
"../../../Breach/Content/IBWP3DAssaultRiflePack/Weapons/SCAR/Textures/SKAR_Ammo_COL.uasset" 155
"../../../Breach/Content/IBWP3DAssaultRiflePack/Weapons/SCAR/Textures/SKAR_Ammo_MET.uasset" 156
"../../../Breach/Content/IBWP3DAssaultRiflePack/Weapons/SCAR/Textures/SKAR_Ammo_NRM.uasset" 157
"../../../Breach/Content/IBWP3DAssaultRiflePack/Weapons/SCAR/Textures/SKAR_Ammo_RGS.uasset" 158
"../../../Breach/Content/IBWP3DAssaultRiflePack/Weapons/SCAR/Materials/MAT_SKAR_AMMO.uasset" 159
"../../../Breach/Content/IBWP3DAssaultRiflePack/Weapons/SCAR/SK_SKAR.uasset" 160
"../../../Engine/Content/Functions/Engine_MaterialFunctions01/Opacity/CameraDepthFade.uasset" 161
"../../../Engine/Content/EngineMaterials/T_Default_Material_Grid_M.uasset" 162
"../../../Engine/Content/EngineMaterials/T_Default_Material_Grid_N.uasset" 163
"../../../Engine/Content/EngineMaterials/WorldGridMaterial.uasset" 164
"../../../Breach/Content/IBWP3DAssaultRiflePack/Weapons/SCAR/SM_SKAR_Ironsight.uasset" 165
"../../../Breach/Content/IBWP3DAssaultRiflePack/Weapons/SKS/Textures/SKS_AO.uasset" 166
"../../../Breach/Content/IBWP3DAssaultRiflePack/Weapons/SKS/Textures/SKS_COL.uasset" 167
"../../../Breach/Content/IBWP3DAssaultRiflePack/Weapons/SKS/Textures/SKS_MET.uasset" 168
"../../../Breach/Content/IBWP3DAssaultRiflePack/Weapons/SKS/Textures/SKS_NRM.uasset" 169
"../../../Breach/Content/IBWP3DAssaultRiflePack/Weapons/SKS/Textures/SKS_RGS.uasset" 170
"../../../Breach/Content/IBWP3DAssaultRiflePack/Weapons/SKS/Materials/MAT_SKS.uasset" 171
"../../../Breach/Content/IBWP3DAssaultRiflePack/Weapons/SKS/SKS_PhysicsAsset.uasset" 172
"../../../Breach/Content/IBWP3DAssaultRiflePack/Weapons/SKS/SK_SKS.uasset" 173
"../../../Breach/Content/IBWP3DAssaultRiflePack/Weapons/XM8/Materials/MAT_XM8.uasset" 174
"../../../Breach/Content/IBWP3DAssaultRiflePack/Weapons/XM8/Textures/ACC_ammo_AO.uasset" 175
"../../../Breach/Content/IBWP3DAssaultRiflePack/Weapons/XM8/Textures/ACC_ammo_COL.uasset" 176
"../../../Breach/Content/IBWP3DAssaultRiflePack/Weapons/XM8/Textures/ACC_ammo_MET.uasset" 177
"../../../Breach/Content/IBWP3DAssaultRiflePack/Weapons/XM8/Textures/ACC_ammo_NRM.uasset" 178
"../../../Breach/Content/IBWP3DAssaultRiflePack/Weapons/XM8/Textures/ACC_ammo_RGS.uasset" 179
"../../../Breach/Content/IBWP3DAssaultRiflePack/Weapons/XM8/Materials/MAT_XM8_Ammo.uasset" 180
"../../../Breach/Content/IBWP3DAssaultRiflePack/Weapons/XM8/SK_XM8_Physics.uasset" 181
"../../../Breach/Content/IBWP3DAssaultRiflePack/Weapons/XM8/SK_XM8.uasset" 182
"../../../Breach/Content/IBWP3DAssaultRiflePack/Weapons/XM8/SM_XM8_Ironsight.uasset" 183
"../../../Breach/Content/SkeletonMeshes/FirstPersonArms/Textures/FPArms_Male1_AO.uasset" 184
"../../../Breach/Content/SkeletonMeshes/FirstPersonArms/Textures/FPArms_Male1_DIF.uasset" 185
"../../../Breach/Content/SkeletonMeshes/FirstPersonArms/Textures/FPArms_Male1_MET.uasset" 186
"../../../Breach/Content/SkeletonMeshes/FirstPersonArms/Textures/FPArms_Male1_NRM.uasset" 187
"../../../Breach/Content/SkeletonMeshes/FirstPersonArms/Textures/FPArms_Male1_RGS.uasset" 188
"../../../Breach/Content/SkeletonMeshes/FirstPersonArms/Textures/FPArms_Male1_SPC.uasset" 189
"../../../Breach/Content/FirstPersonBPIronbelly/MasterMaterial/Mat_Arm.uasset" 190
"../../../Breach/Content/SkeletonMeshes/FirstPersonArms/FPSArms_PhysicsAsset.uasset" 191
"../../../Breach/Content/SkeletonMeshes/FirstPersonArms/SK_FPSArms.uasset" 192
"../../../Breach/Content/FirstPersonBPIronbelly/Blueprints/FirstPersonCharacterIronbelly_AssaultPack.uasset" 193
"../../../Breach/Content/SkeletonMeshes/FirstPersonArms/FPSArms_Skeleton_AnimBlueprint_Breach.uasset" 194
"../../../Breach/Content/FirstPerson/FPWeapon/Materials/M_ProjectileMaterial.uasset" 195
"../../../Breach/Content/FirstPerson/Meshes/BaseMaterial.uasset" 196
"../../../Breach/Content/FirstPerson/Meshes/FirstPersonProjectileMaterial.uasset" 197
"../../../Breach/Content/FirstPerson/Meshes/FirstPersonProjectileMesh.uasset" 198
"../../../Breach/Content/BlueprintSource/FirstPersonProjectile.uasset" 199
"../../../Breach/Content/Audio/SFX/MySounds/gun_semi_auto_rifle_dry_fire_01.uasset" 200
"../../../Breach/Content/Audio/SFX/MySounds/gun_semi_auto_rifle_dry_fire_01_Cue.uasset" 201
"../../../Breach/Content/Audio/SFX/MySounds/gun_semi_auto_rifle_shot_00_tail_only_01.uasset" 202
"../../../Breach/Content/Audio/SFX/MySounds/gun_semi_auto_rifle_shot_00_tail_only_01_Cue.uasset" 203
"../../../Breach/Content/Audio/SFX/MySounds/gun_semi_auto_rifle_shot_03.uasset" 204
"../../../Breach/Content/Audio/SFX/MySounds/gun_semi_auto_rifle_shot_03_Cue.uasset" 205
"../../../Breach/Content/Audio/SFX/MySounds/MyCues/FullReload.uasset" 206
"../../../Breach/Content/BlueprintSource/FirstPersonCharacter.uasset" 207
"../../../Breach/Content/BlueprintSource/UI/AmmoCount.uasset" 208
"../../../Breach/Content/BlueprintSource/UI/HealthWidget.uasset" 209
"../../../Breach/Content/BlueprintSource/UI/WorldMessage.uasset" 210
"../../../Breach/Content/FirstPerson/Textures/FirstPersonCrosshair.uasset" 211
"../../../Breach/Content/BlueprintSource/FirstPersonHUD.uasset" 212
"../../../Breach/Content/BlueprintSource/UI/PauseWidget.uasset" 213
"../../../Breach/Content/Materials/WaypointMarker.uasset" 214
"../../../Breach/Content/BlueprintSource/UI/WaypointWidget.uasset" 215
"../../../Breach/Content/BlueprintSource/FirstPersonGameMode.uasset" 216
"../../../Breach/Content/BlueprintSource/BP_EventReceiver.uasset" 217
"../../../Breach/Content/StarterContent/Materials/M_Glass.uasset" 218
"../../../Breach/Content/StarterContent/Textures/T_Door_M.uasset" 219
"../../../Breach/Content/StarterContent/Textures/T_Door_N.uasset" 220
"../../../Breach/Content/StarterContent/Props/Materials/M_Door.uasset" 221
"../../../Breach/Content/StarterContent/Props/SM_Door.uasset" 222
"../../../Breach/Content/StarterContent/Textures/T_Frame_M.uasset" 223
"../../../Breach/Content/StarterContent/Textures/T_Frame_N.uasset" 224
"../../../Breach/Content/StarterContent/Props/Materials/M_Frame.uasset" 225
"../../../Breach/Content/StarterContent/Props/SM_DoorFrame.uasset" 226
"../../../Breach/Content/BlueprintSource/BP_Door.uasset" 227
"../../../Breach/Content/StarterContent/Materials/M_Basic_Wall.uasset" 228
"../../../Breach/Content/StarterContent/Shapes/Shape_QuadPyramid.uasset" 229
"../../../Breach/Content/BlueprintSource/BP_EventUseButton.uasset" 230
"../../../Breach/Content/BlueprintSource/UI/LoadingScreen.uasset" 231
"../../../Breach/Content/BlueprintSource/BP_NewLevelLoad.uasset" 232
"../../../Breach/Content/Materials/MAT_ShootingTarget.uasset" 233
"../../../Breach/Content/Materials/MAT_ShootingTarget_Inst.uasset" 234
"../../../Engine/Content/EngineMeshes/Sphere.uasset" 235
"../../../Breach/Content/BlueprintSource/BP_ShootingTarget.uasset" 236
"../../../Breach/Content/Materials/MAT_WaypointMarker.uasset" 237
"../../../Breach/Content/BlueprintSource/BP_Waypoint.uasset" 238
"../../../Breach/Content/BlueprintSource/EnemyCharacter/EnemyAI/FindRandomLocation.uasset" 239
"../../../Engine/Content/Functions/Engine_MaterialFunctions02/Utility/BlendAngleCorrectedNormals.uasset" 240
"../../../Engine/Content/Functions/MaterialLayerFunctions/MatLayerBlend_NormalBlend.uasset" 241
"../../../Engine/Content/Functions/MaterialLayerFunctions/MatLayerBlend_Simple.uasset" 242
"../../../Breach/Content/FirstPerson/FPWeapon/Materials/MaterialLayers/T_ML_Rubber_Blue_01_D.uasset" 243
"../../../Breach/Content/FirstPerson/FPWeapon/Materials/MaterialLayers/T_ML_Rubber_Blue_01_N.uasset" 244
"../../../Breach/Content/FirstPerson/FPWeapon/Materials/MaterialLayers/ML_GlossyBlack_Latex_UE4.uasset" 245
"../../../Breach/Content/FirstPerson/FPWeapon/Materials/MaterialLayers/ML_Plastic_Shiny_Beige.uasset" 246
"../../../Breach/Content/FirstPerson/FPWeapon/Materials/MaterialLayers/ML_Screen.uasset" 247
"../../../Breach/Content/FirstPerson/FPWeapon/Materials/MaterialLayers/T_ML_Aluminum01.uasset" 248
"../../../Breach/Content/FirstPerson/FPWeapon/Materials/MaterialLayers/T_ML_Aluminum01_N.uasset" 249
"../../../Breach/Content/FirstPerson/FPWeapon/Materials/MaterialLayers/ML_SoftMetal_UE4.uasset" 250
"../../../Breach/Content/FirstPerson/FPWeapon/Textures/T_FPGun_M.uasset" 251
"../../../Breach/Content/FirstPerson/FPWeapon/Textures/T_FPGun_N.uasset" 252
"../../../Breach/Content/FirstPerson/FPWeapon/Materials/M_FPGun.uasset" 253
"../../../Breach/Content/FirstPerson/FPWeapon/Materials/MaterialLayers/ML_Plastic_Shiny_Beige_LOGO.uasset" 254
"../../../Breach/Content/FirstPerson/FPWeapon/Materials/MaterialLayers/T_ML_FineRubber.uasset" 255
"../../../Breach/Content/FirstPerson/Meshes/CubeMaterialOverride.uasset" 256
"../../../Breach/Content/FirstPersonBPIronbelly/Geometry/Meshes/CubeMaterial.uasset" 257
"../../../Breach/Content/FirstPersonBPIronbelly/Geometry/Meshes/1M_Cube_Chamfer.uasset" 258
"../../../Breach/Content/FirstPersonBPIronbelly/Geometry/Meshes/TemplateFloor.uasset" 259
"../../../Breach/Content/IBWP3DAssaultRiflePack/Weapons/SCAR/SKAR_PhysicsAsset.uasset" 260
"../../../Breach/Content/IBWP3DAssaultRiflePack/Weapons/SKS/Animation/ANIM_SKS_Idle.uasset" 261
"../../../Breach/Content/Mannequin/Character/Mesh/UE4_Mannequin_Skeleton.uasset" 262
"../../../Breach/Content/Mannequin/Animations/ThirdPersonJump_End.uasset" 263
"../../../Breach/Content/Mannequin/Animations/ThirdPerson_Jump.uasset" 264
"../../../Breach/Content/Mannequin/Animations/ThirdPersonJump_Loop.uasset" 265
"../../../Breach/Content/Mannequin/Animations/ThirdPersonJump_Start.uasset" 266
"../../../Breach/Content/Mannequin/Animations/ThirdPersonIdle.uasset" 267
"../../../Breach/Content/Mannequin/Animations/ThirdPersonRun.uasset" 268
"../../../Breach/Content/Mannequin/Animations/ThirdPersonWalk.uasset" 269
"../../../Breach/Content/Mannequin/Animations/ThirdPerson_IdleRun_2D.uasset" 270
"../../../Breach/Content/Mannequin/Animations/ThirdPerson_AnimBP.uasset" 271
"../../../Breach/Content/MyContent/Textures/bunker_wall.uasset" 272
"../../../Breach/Content/MyContent/Textures/bunker_wall_AO.uasset" 273
"../../../Breach/Content/MyContent/Textures/bunker_wall_N.uasset" 274
"../../../Breach/Content/MyContent/Textures/bunker_wall_S.uasset" 275
"../../../Breach/Content/MyContent/Materials/bunkerWallMaterial.uasset" 276
"../../../Engine/Content/Functions/Engine_MaterialFunctions01/Gradient/LinearGradient.uasset" 277
"../../../Engine/Content/Functions/Engine_MaterialFunctions01/ImageAdjustment/CheapContrast.uasset" 278
"../../../Engine/Content/Functions/Engine_MaterialFunctions01/Texturing/FlattenNormal.uasset" 279
"../../../Engine/Content/Functions/Engine_MaterialFunctions02/Math/CreateThirdOrthogonalVector.uasset" 280
"../../../Engine/Content/Functions/Engine_MaterialFunctions02/Utility/BreakOutFloat3Components.uasset" 281
"../../../Engine/Content/Functions/Engine_MaterialFunctions02/Math/Transform3x3Matrix.uasset" 282
"../../../Engine/Content/Functions/Engine_MaterialFunctions02/Utility/BreakOutFloat2Components.uasset" 283
"../../../Engine/Content/Functions/Engine_MaterialFunctions02/Utility/MakeFloat3.uasset" 284
"../../../Engine/Content/Functions/Engine_MaterialFunctions02/ExampleContent/Textures/SphereRenderNormalsMap.uasset" 285
"../../../Engine/Content/Functions/Engine_MaterialFunctions02/WorldAlignedNormals_HighQuality.uasset" 286
"../../../Engine/Content/Functions/MaterialLayerFunctions/MatLayerBlend_BakedNormal.uasset" 287
"../../../Engine/Content/Functions/MaterialLayerFunctions/MatLayerBlend_Standard.uasset" 288
"../../../Engine/Content/Functions/MaterialLayerFunctions/MatLayerBlend_Tint.uasset" 289
"../../../Breach/Content/MyContent/Textures/T_Patina_Metal_D.uasset" 290
"../../../Breach/Content/MyContent/Textures/T_Slums_TilingMetal_n.uasset" 291
"../../../Breach/Content/MyContent/Materials/MatFunctions/MF_Slums_Metal.uasset" 292
"../../../Engine/Content/EngineMaterials/DefaultNormal_Uncompressed.uasset" 293
"../../../Breach/Content/MyContent/Materials/MatFunctions/MF_WorldAlignedPanner.uasset" 294
"../../../Engine/Content/Functions/Engine_MaterialFunctions02/ExampleContent/Textures/water_d.uasset" 295
"../../../Breach/Content/MyContent/Textures/T_RainPuddleMask.uasset" 296
"../../../Breach/Content/MyContent/Textures/T_RainStreaming_N.uasset" 297
"../../../Breach/Content/MyContent/Textures/T_Soul_Water01_N.uasset" 298
"../../../Breach/Content/MyContent/Materials/MatFunctions/MF_WET_RunningWater.uasset" 299
"../../../Breach/Content/MyContent/Textures/T_Slums_Metal_Rust_03_D.uasset" 300
"../../../Breach/Content/MyContent/Textures/T_Slums_MetalTexture_M.uasset" 301
"../../../Breach/Content/MyContent/Textures/T_Slums_MetalTexture_N.uasset" 302
"../../../Breach/Content/MyContent/Materials/M_Slums_2.uasset" 303
"../../../Breach/Content/MyContent/Textures/T_Slums_PipeTexture_01b_M.uasset" 304
"../../../Breach/Content/MyContent/Textures/T_Slums_PipeTexture_01b_N.uasset" 305
"../../../Breach/Content/MyContent/Materials/MI_Slums_2P.uasset" 306
"../../../Breach/Content/MyContent/Textures/Brick_Wall_Texture_1.uasset" 307
"../../../Breach/Content/MyContent/Textures/Brick_Wall_Texture_1_Normal.uasset" 308
"../../../Breach/Content/MyContent/Materials/firstRoomWall_Mat.uasset" 309
"../../../Breach/Content/MyContent/Textures/pkg_HoneyWheat_0.uasset" 310
"../../../Breach/Content/MyContent/Materials/PictureMaterial.uasset" 311
"../../../Breach/Content/MyContent/Meshes/Bread.uasset" 312
"../../../Breach/Content/SoulCity/Environment/Materials/Functions/MF_WorldAlignedPanner.uasset" 313
"../../../Breach/Content/SoulCity/Environment/Textures/Water/T_RainPuddleMask.uasset" 314
"../../../Breach/Content/SoulCity/Environment/Textures/Water/T_RainStreaming_N.uasset" 315
"../../../Breach/Content/SoulCity/Environment/Textures/Water/T_Soul_Water01_N.uasset" 316
"../../../Breach/Content/SoulCity/Environment/Materials/Functions/MF_WET_RunningWater.uasset" 317
"../../../Breach/Content/SoulCity/Environment/Textures/Building_Slum/T_Patina_Metal_D.uasset" 318
"../../../Breach/Content/SoulCity/Environment/Textures/Building_Slum/T_Slums_TilingMetal_n.uasset" 319
"../../../Breach/Content/SoulCity/Environment/Materials/MaterialLayers/MF_Slums_Metal.uasset" 320
"../../../Breach/Content/SoulCity/Environment/Textures/Building_Slum/T_Slums_Metal_Rust_03_D.uasset" 321
"../../../Breach/Content/SoulCity/Environment/Textures/Building_Slum/T_Slums_Metal_Rust_03_N.uasset" 322
"../../../Breach/Content/SoulCity/Environment/Materials/MaterialLayers/MF_Slums_Rusted.uasset" 323
"../../../Breach/Content/SoulCity/Environment/Textures/Building_Slum/T_Slums_MetalTexture_M.uasset" 324
"../../../Breach/Content/SoulCity/Environment/Textures/Building_Slum/T_Slums_MetalTexture_N.uasset" 325
"../../../Breach/Content/SoulCity/Environment/Materials/Building/M_Slums_2.uasset" 326
"../../../Breach/Content/SoulCity/Environment/Textures/Building_Slum/T_Slums_PipeTexture_01b_M.uasset" 327
"../../../Breach/Content/SoulCity/Environment/Textures/Building_Slum/T_Slums_PipeTexture_01b_N.uasset" 328
"../../../Breach/Content/SoulCity/Environment/Materials/Building/MI_Slums_2P.uasset" 329
"../../../Breach/Content/MyContent/Meshes/SM_Slums_Pipe_05d.uasset" 330
"../../../Breach/Content/MyContent/Textures/bunker_outside.uasset" 331
"../../../Breach/Content/MyContent/Textures/bunker_outside_AO.uasset" 332
"../../../Breach/Content/MyContent/Textures/bunker_outside_N.uasset" 333
"../../../Breach/Content/MyContent/Textures/bunker_outside_S.uasset" 334
"../../../Breach/Content/MyContent/Materials/OutsideMaterial.uasset" 335
"../../../Breach/Content/MyContent/Textures/bunker_outside2.uasset" 336
"../../../Breach/Content/MyContent/Materials/OutsideMaterial_Inst1.uasset" 337
"../../../Breach/Content/MyContent/Meshes/SecondLevel/SecondRoom.uasset" 338
"../../../Breach/Content/SkeletonMeshes/EnemyCharacter/Character/Meshes/SK_HeavyGSoldier_simple_Skeleton.uasset" 339
"../../../Breach/Content/SkeletonMeshes/EnemyCharacter/Animations/HeavyG_Reload_Shotgun_Hip.uasset" 340
"../../../Breach/Content/SkeletonMeshes/EnemyCharacter/Animations/HeavyG_Reload_Shotgun_Hip_Montage.uasset" 341
"../../../Breach/Content/SkeletonMeshes/EnemyCharacter/Character/Materials/M_env.uasset" 342
"../../../Breach/Content/SkeletonMeshes/EnemyCharacter/Character/Meshes/BodyParts/SK_HeavyGSoldier_Head.uasset" 343
"../../../Breach/Content/SkeletonMeshes/EnemyCharacter/Character/Meshes/Equipment/SM_Eqp_AmmoBagA.uasset" 344
"../../../Breach/Content/SkeletonMeshes/EnemyCharacter/Character/Meshes/Equipment/SM_Eqp_AmmoBagB.uasset" 345
"../../../Breach/Content/SkeletonMeshes/EnemyCharacter/Character/Meshes/Equipment/SM_Eqp_BigBag.uasset" 346
"../../../Breach/Content/SkeletonMeshes/EnemyCharacter/Character/Meshes/Equipment/SM_Eqp_Holster.uasset" 347
"../../../Breach/Content/SkeletonMeshes/EnemyCharacter/Character/Meshes/Equipment/SM_Eqp_Knife.uasset" 348
"../../../Breach/Content/SkeletonMeshes/EnemyCharacter/Character/Meshes/Equipment/SM_Eqp_KnifeCase.uasset" 349
"../../../Breach/Content/SkeletonMeshes/EnemyCharacter/Character/Meshes/Equipment/SM_Eqp_MedBag.uasset" 350
"../../../Breach/Content/SkeletonMeshes/EnemyCharacter/Character/Meshes/Equipment/SM_Eqp_PistolAmmo.uasset" 351
"../../../Breach/Content/SkeletonMeshes/EnemyCharacter/Character/Meshes/Equipment/SM_Eqp_Radio.uasset" 352
"../../../Breach/Content/SkeletonMeshes/EnemyCharacter/Character/Meshes/Equipment/SM_Eqp_SmalBag.uasset" 353
"../../../Breach/Content/SkeletonMeshes/EnemyCharacter/Character/Meshes/Equipment/SM_Eqp_SmokeGrnd.uasset" 354
"../../../Breach/Content/SkeletonMeshes/EnemyCharacter/Character/Textures/CAMO/T_Blue.uasset" 355
"../../../Breach/Content/SkeletonMeshes/EnemyCharacter/Character/Textures/CAMO/T_CamoUSWWII.uasset" 356
"../../../Breach/Content/SkeletonMeshes/EnemyCharacter/Character/Textures/CAMO/T_Camo_DesertB.uasset" 357
"../../../Breach/Content/SkeletonMeshes/EnemyCharacter/Character/Textures/CAMO/T_Camo_Forest.uasset" 358
"../../../Breach/Content/SkeletonMeshes/EnemyCharacter/Character/Textures/CAMO/T_Camo_sharp.uasset" 359
"../../../Breach/Content/SkeletonMeshes/EnemyCharacter/Character/Textures/CAMO/T_Denim_d.uasset" 360
"../../../Breach/Content/SkeletonMeshes/EnemyCharacter/Character/Textures/CAMO/T_FlatMid.uasset" 361
"../../../Breach/Content/SkeletonMeshes/EnemyCharacter/Character/Textures/CAMO/T_Orange_d.uasset" 362
"../../../Breach/Content/SkeletonMeshes/EnemyCharacter/Character/Textures/CAMO/T_Snow.uasset" 363
"../../../Breach/Content/SkeletonMeshes/EnemyCharacter/Character/Textures/Eyes/T_EyeBaseColor.uasset" 364
"../../../Breach/Content/SkeletonMeshes/EnemyCharacter/Character/Textures/Eyes/T_EyeNormals.uasset" 365
"../../../Breach/Content/SkeletonMeshes/EnemyCharacter/Character/Textures/Logos/T_LogoB_L_D.uasset" 366
"../../../Breach/Content/SkeletonMeshes/EnemyCharacter/Character/Textures/Logos/T_LogoC_L_D.uasset" 367
"../../../Breach/Content/SkeletonMeshes/EnemyCharacter/Character/Textures/Logos/T_LogoMed.uasset" 368
"../../../Breach/Content/SkeletonMeshes/EnemyCharacter/Character/Textures/Logos/T_LogoRedLine.uasset" 369
"../../../Breach/Content/SkeletonMeshes/EnemyCharacter/Character/Textures/Logos/T_LogoUSgreen.uasset" 370
"../../../Breach/Content/SkeletonMeshes/FirstPersonArms/Animations/ANIM_SKAR_Sprint.uasset" 371
"../../../Breach/Content/SkeletonMeshes/FirstPersonArms/Animations/ANIM_SKS_Sprint.uasset" 372
"../../../Breach/Content/SkeletonMeshes/FirstPersonArms/Animations/ANIM_XM8_Sprint.uasset" 373
"../../../Breach/Content/StarterContent/Architecture/Pillar_50x500.uasset" 374
"../../../Breach/Content/StarterContent/Architecture/Wall_400x300.uasset" 375
"../../../Breach/Content/StarterContent/Architecture/Wall_400x400.uasset" 376
"../../../Breach/Content/StarterContent/Architecture/Wall_500x500.uasset" 377
"../../../Breach/Content/StarterContent/Architecture/Wall_Door_400x400.uasset" 378
"../../../Breach/Content/StarterContent/Architecture/Wall_Window_400x400.uasset" 379
"../../../Breach/Content/StarterContent/Audio/Light01_Cue.uasset" 380
"../../../Breach/Content/StarterContent/Audio/Light02_Cue.uasset" 381
"../../../Breach/Content/StarterContent/Audio/Explosion_Cue.uasset" 382
"../../../Breach/Content/StarterContent/Textures/T_Burst_M.uasset" 383
"../../../Breach/Content/StarterContent/Particles/Materials/M_Burst.uasset" 384
"../../../Breach/Content/StarterContent/Textures/T_Explosion_SubUV.uasset" 385
"../../../Breach/Content/StarterContent/Particles/Materials/M_explosion_subUV.uasset" 386
"../../../Breach/Content/StarterContent/Particles/Materials/m_flare_01.uasset" 387
"../../../Engine/Content/Functions/Engine_MaterialFunctions01/Gradient/RadialGradient.uasset" 388
"../../../Breach/Content/StarterContent/Particles/Materials/M_radial_ramp.uasset" 389
"../../../Breach/Content/StarterContent/Textures/T_Smoke_SubUV.uasset" 390
"../../../Breach/Content/StarterContent/Textures/T_Smoke_Tiled_D.uasset" 391
"../../../Breach/Content/StarterContent/Particles/Materials/M_smoke_subUV.uasset" 392
"../../../Breach/Content/StarterContent/Particles/P_Explosion.uasset" 393
"../../../Breach/Content/StarterContent/Blueprints/Blueprint_Effect_Explosion.uasset" 394
"../../../Engine/Content/EditorMeshes/ColorCalibrator/T_ColorGrid.uasset" 395
"../../../Breach/Content/StarterContent/Materials/M_ColorGrid_LowSpec.uasset" 396
"../../../Breach/Content/StarterContent/Textures/T_Bush_D.uasset" 397
"../../../Breach/Content/StarterContent/Textures/T_Bush_N.uasset" 398
"../../../Breach/Content/StarterContent/Props/Materials/M_Bush.uasset" 399
"../../../Breach/Content/StarterContent/Props/SM_Bush.uasset" 400
"../../../Breach/Content/StarterContent/Textures/T_Chair_M.uasset" 401
"../../../Breach/Content/StarterContent/Textures/T_Chair_N.uasset" 402
"../../../Breach/Content/StarterContent/Props/Materials/M_Chair.uasset" 403
"../../../Breach/Content/StarterContent/Props/SM_Couch.uasset" 404
"../../../Breach/Content/StarterContent/Props/Materials/M_MaterialSphere.uasset" 405
"../../../Breach/Content/StarterContent/Props/Materials/M_MaterialSphere_Plain.uasset" 406
"../../../Breach/Content/StarterContent/Props/SM_MatPreviewMesh_02.uasset" 407
"../../../Breach/Content/StarterContent/Textures/T_Detail_Rocky_N.uasset" 408
"../../../Breach/Content/StarterContent/Textures/T_Rock_Basalt_D.uasset" 409
"../../../Breach/Content/StarterContent/Textures/T_RockMesh_M.uasset" 410
"../../../Breach/Content/StarterContent/Textures/T_RockMesh_N.uasset" 411
"../../../Breach/Content/StarterContent/Props/Materials/M_Rock.uasset" 412
"../../../Breach/Content/StarterContent/Props/SM_Rock.uasset" 413
"../../../Breach/Content/StarterContent/Textures/T_Shelf_M.uasset" 414
"../../../Breach/Content/StarterContent/Textures/T_Shelf_N.uasset" 415
"../../../Breach/Content/StarterContent/Props/Materials/M_Shelf.uasset" 416
"../../../Breach/Content/StarterContent/Props/SM_Shelf.uasset" 417
"../../../Breach/Content/StarterContent/Materials/M_Basic_Floor.uasset" 418
"../../../Breach/Content/StarterContent/Props/SM_Stairs.uasset" 419
"../../../Breach/Content/StarterContent/Shapes/Shape_Cone.uasset" 420
"../../../Breach/Content/StarterContent/Shapes/Shape_Cylinder.uasset" 421
"../../../Breach/Content/StarterContent/Shapes/Shape_NarrowCapsule.uasset" 422
"../../../Breach/Content/StarterContent/Shapes/Shape_Pipe.uasset" 423
"../../../Breach/Content/StarterContent/Shapes/Shape_Pipe_180.uasset" 424
"../../../Breach/Content/StarterContent/Shapes/Shape_Pipe_90.uasset" 425
"../../../Breach/Content/StarterContent/Shapes/Shape_Plane.uasset" 426
"../../../Breach/Content/StarterContent/Shapes/Shape_Torus.uasset" 427
"../../../Breach/Content/StarterContent/Shapes/Shape_Trim.uasset" 428
"../../../Breach/Content/StarterContent/Shapes/Shape_Trim_90_In.uasset" 429
"../../../Breach/Content/StarterContent/Shapes/Shape_Trim_90_Out.uasset" 430
"../../../Breach/Content/StarterContent/Shapes/Shape_TriPyramid.uasset" 431
"../../../Breach/Content/StarterContent/Shapes/Shape_Tube.uasset" 432
"../../../Breach/Content/StarterContent/Shapes/Shape_Wedge_A.uasset" 433
"../../../Breach/Content/StarterContent/Shapes/Shape_Wedge_B.uasset" 434
"../../../Breach/Content/StarterContent/Shapes/Shape_WideCapsule.uasset" 435
"../../../Engine/Content/EngineMaterials/DefaultMaterial.uasset" 436
"../../../Engine/Content/BasicShapes/Cone.uasset" 437
"../../../Engine/Content/BasicShapes/Cylinder.uasset" 438
"../../../Engine/Content/BasicShapes/Plane.uasset" 439
"../../../Engine/Content/BasicShapes/Sphere.uasset" 440
"../../../Engine/Content/EditorLandscapeResources/DataLayer.uasset" 441
"../../../Engine/Content/EditorMaterials/GizmoMaterial.uasset" 442
"../../../Engine/Content/EditorMaterials/MAT_Groups_Toggle.uasset" 443
"../../../Engine/Content/EditorMaterials/MAT_Groups_Visibility.uasset" 444
"../../../Engine/Content/EditorMaterials/PreviewShadowIndicator.uasset" 445
"../../../Engine/Content/EditorMaterials/PreviewShadowIndicatorMaterial.uasset" 446
"../../../Engine/Content/EditorMaterials/MatineeGroups/MAT_ColorTrack.uasset" 447
"../../../Engine/Content/EditorMaterials/MatineeGroups/MAT_Groups_Anim.uasset" 448
"../../../Engine/Content/EditorMaterials/MatineeGroups/MAT_Groups_AudioMaster.uasset" 449
"../../../Engine/Content/EditorMaterials/MatineeGroups/MAT_Groups_Director.uasset" 450
"../../../Engine/Content/EditorMaterials/MatineeGroups/MAT_Groups_Event.uasset" 451
"../../../Engine/Content/EditorMaterials/MatineeGroups/MAT_Groups_Fade.uasset" 452
"../../../Engine/Content/EditorMaterials/MatineeGroups/MAT_Groups_Float.uasset" 453
"../../../Engine/Content/EditorMaterials/MatineeGroups/MAT_Groups_Move.uasset" 454
"../../../Engine/Content/EditorMaterials/MatineeGroups/MAT_Groups_Slomo.uasset" 455
"../../../Engine/Content/EditorMaterials/MatineeGroups/MAT_Groups_Sound.uasset" 456
"../../../Engine/Content/EditorMaterials/MatineeGroups/MAT_Groups_Vector.uasset" 457
"../../../Engine/Content/EditorMaterials/ParticleSystems/PSysThumbnail_NoImage.uasset" 458
"../../../Engine/Content/EditorMaterials/ParticleSystems/PSysThumbnail_OOD.uasset" 459
"../../../Engine/Content/EditorMaterials/Camera/CineMat.uasset" 460
"../../../Engine/Content/EditorMaterials/Camera/MI_CineMat_Rig.uasset" 461
"../../../Engine/Content/EditorMeshes/Camera/SM_CraneRig_Arm.uasset" 462
"../../../Engine/Content/EditorMeshes/Camera/SM_CraneRig_Base.uasset" 463
"../../../Engine/Content/EditorMeshes/Camera/SM_CraneRig_Body.uasset" 464
"../../../Engine/Content/EditorMeshes/Camera/SM_CraneRig_Mount.uasset" 465
"../../../Engine/Content/EditorMeshes/Camera/SM_RailRig_Mount.uasset" 466
"../../../Engine/Content/EditorMeshes/Camera/SM_RailRig_Track.uasset" 467
"../../../Engine/Content/EditorResources/BSPVertex.uasset" 468
"../../../Engine/Content/EditorResources/EmptyActor.uasset" 469
"../../../Engine/Content/EditorResources/S_Actor.uasset" 470
"../../../Engine/Content/EditorResources/S_Trigger.uasset" 471
"../../../Engine/Content/EditorResources/AudioIcons/S_AudioComponent.uasset" 472
"../../../Engine/Content/EditorResources/AudioIcons/S_AudioComponent_AutoActivate.uasset" 473
"../../../Engine/Content/EditorResources/LightIcons/S_LightError.uasset" 474
"../../../Engine/Content/EditorResources/SequenceRecorder/Countdown.uasset" 475
"../../../Engine/Content/EditorResources/SequenceRecorder/RecordingIndicator.uasset" 476
"../../../Engine/Content/EditorSounds/Notifications/CompileFailed.uasset" 477
"../../../Engine/Content/EditorSounds/Notifications/CompileFailed_Cue.uasset" 478
"../../../Engine/Content/EditorSounds/Notifications/CompileSuccess.uasset" 479
"../../../Engine/Content/EditorSounds/Notifications/CompileStart_Cue.uasset" 480
"../../../Engine/Content/EditorSounds/Notifications/CompileSuccess_Cue.uasset" 481
"../../../Engine/Content/EngineDamageTypes/DmgTypeBP_Environmental.uasset" 482
"../../../Engine/Content/EngineDebugMaterials/HeatmapGradient.uasset" 483
"../../../Engine/Content/EngineDebugMaterials/BoneWeightMaterial.uasset" 484
"../../../Engine/Content/EngineDebugMaterials/ClothMaterial.uasset" 485
"../../../Engine/Content/EngineDebugMaterials/ClothMaterial_WF.uasset" 486
"../../../Engine/Content/EngineDebugMaterials/DebugEditorMaterial.uasset" 487
"../../../Engine/Content/EngineDebugMaterials/DebugMeshMaterial.uasset" 488
"../../../Engine/Content/EngineDebugMaterials/GeomMaterial.uasset" 489
"../../../Engine/Content/EngineFonts/Faces/RobotoBold.uasset" 490
"../../../Engine/Content/EngineFonts/Faces/RobotoBoldItalic.uasset" 491
"../../../Engine/Content/EngineFonts/Faces/RobotoItalic.uasset" 492
"../../../Engine/Content/EngineFonts/Faces/RobotoLight.uasset" 493
"../../../Engine/Content/EngineFonts/Faces/RobotoRegular.uasset" 494
"../../../Engine/Content/EngineFonts/Roboto.uasset" 495
"../../../Engine/Content/EngineFonts/Faces/RobotoTiny.uasset" 496
"../../../Engine/Content/EngineFonts/RobotoTiny.uasset" 497
"../../../Engine/Content/EngineMaterials/DefaultBloomKernel.uasset" 498
"../../../Engine/Content/EngineMaterials/DefaultBokeh.uasset" 499
"../../../Engine/Content/EngineMaterials/DefaultDiffuse.uasset" 500
"../../../Engine/Content/EngineMaterials/DefaultDeferredDecalMaterial.uasset" 501
"../../../Engine/Content/EngineMaterials/DefaultLightFunctionMaterial.uasset" 502
"../../../Engine/Content/EngineMaterials/DefaultPhysicalMaterial.uasset" 503
"../../../Engine/Content/EngineMaterials/DefaultPostProcessMaterial.uasset" 504
"../../../Engine/Content/EngineFonts/RobotoDistanceField.uasset" 505
"../../../Engine/Content/EngineMaterials/DefaultTextMaterialOpaque.uasset" 506
"../../../Engine/Content/EngineMaterials/DefaultWhiteGrid.uasset" 507
"../../../Engine/Content/EngineMaterials/EditorBrushMaterial.uasset" 508
"../../../Engine/Content/EngineMaterials/Good64x64TilingNoiseHighFreq.uasset" 509
"../../../Engine/Content/EngineMaterials/MiniFont.uasset" 510
"../../../Engine/Content/EngineMaterials/InvalidLightmapSettings.uasset" 511
"../../../Engine/Content/EngineMaterials/M_InvalidLightmapSettings.uasset" 512
"../../../Engine/Content/Functions/Engine_MaterialFunctions02/WorldPositionOffset/CameraOffset.uasset" 513
"../../../Engine/Content/EngineMaterials/PhAT_JointLimitMaterial.uasset" 514
"../../../Engine/Content/EngineMaterials/PreintegratedSkinBRDF.uasset" 515
"../../../Engine/Content/EngineMaterials/RemoveSurfaceMaterial.uasset" 516
"../../../Engine/Content/EngineMaterials/WeightMapPlaceholderTexture.uasset" 517
"../../../Engine/Content/EngineResources/WhiteSquareTexture.uasset" 518
"../../../Engine/Content/EngineMaterials/Widget3DPassThrough.uasset" 519
"../../../Engine/Content/EngineMaterials/Widget3DPassThrough_Masked.uasset" 520
"../../../Engine/Content/EngineMaterials/Widget3DPassThrough_Opaque.uasset" 521
"../../../Engine/Content/EngineMaterials/Widget3DPassThrough_Masked_OneSided.uasset" 522
"../../../Engine/Content/EngineMaterials/Widget3DPassThrough_Opaque_OneSided.uasset" 523
"../../../Engine/Content/EngineMaterials/Widget3DPassThrough_Translucent.uasset" 524
"../../../Engine/Content/EngineMaterials/Widget3DPassThrough_Translucent_OneSided.uasset" 525
"../../../Engine/Content/EngineMeshes/Cube.uasset" 526
"../../../Engine/Content/EngineMeshes/Cylinder.uasset" 527
"../../../Engine/Content/EngineResources/Black.uasset" 528
"../../../Engine/Content/EngineResources/DefaultTexture.uasset" 529
"../../../Engine/Content/EngineResources/DefaultTextureCube.uasset" 530
"../../../Engine/Content/EngineResources/GradientTexture0.uasset" 531
"../../../Engine/Content/EngineSounds/Master.uasset" 532
"../../../Engine/Content/Functions/Engine_MaterialFunctions01/Shading/ConvertFromDiffSpec.uasset" 533
"../../../Engine/Content/Functions/Engine_MaterialFunctions01/Shading/PowerToRoughness.uasset" 534
"../../../Engine/Content/Maps/Templates/Thumbnails/Default.uasset" 535
"../../../Engine/Content/Maps/Templates/Thumbnails/VR-Basic.uasset" 536
"../../../Engine/Content/MobileResources/T_MobileControls_texture.uasset" 537
"../../../Engine/Content/MobileResources/T_MobileMenu2.uasset" 538
"../../../Engine/Content/MobileResources/HUD/AnalogHat.uasset" 539
"../../../Engine/Content/MobileResources/HUD/VirtualJoystick_Background.uasset" 540
"../../../Engine/Content/MobileResources/HUD/VirtualJoystick_Thumb.uasset" 541
"../../../Engine/Content/MobileResources/HUD/DefaultVirtualJoysticks.uasset" 542
"../../../Engine/Content/MobileResources/HUD/LeftVirtualJoystickOnly.uasset" 543
"../../../Engine/Content/MobileResources/HUD/MobileHUDButton1_off.uasset" 544
"../../../Engine/Content/MobileResources/HUD/MobileHUDButton1_on.uasset" 545
"../../../Engine/Content/MobileResources/HUD/MobileHUDButton2_off.uasset" 546
"../../../Engine/Content/MobileResources/HUD/MobileHUDButton2_on.uasset" 547
"../../../Engine/Content/MobileResources/HUD/MobileHUDButton3.uasset" 548
"../../../Engine/Content/MobileResources/HUD/MobileHUDButtonFire.uasset" 549
"../../../Engine/Content/MobileResources/HUD/MobileHUDDirectionPad.uasset" 550
"../../../Engine/Content/MobileResources/HUD/MobileHUDDirectionPad2.uasset" 551
"../../../Engine/Content/MobileResources/HUD/MobileHUDDirectionPad3.uasset" 552
"../../../Engine/Content/MobileResources/HUD/MobileHUDDirectionStick.uasset" 553
"../../../Engine/Content/MobileResources/HUD/T_Castle_ThumbstickInner.uasset" 554
"../../../Engine/Content/MobileResources/HUD/T_Castle_ThumbstickOutter.uasset" 555
"../../../Engine/Content/Tutorial/ContentIntroCurve.uasset" 556
"../../../Engine/Content/Tutorial/Basics/TutorialAssets/icon_tab_Levels_40x.uasset" 557
"../../../Engine/Content/Tutorial/BlueprintTutorials/TutorialAssets/BlueprintInterface_64x.uasset" 558
"../../../Engine/Content/Tutorial/BlueprintTutorials/TutorialAssets/BlueprintMacroLibrary_64x.uasset" 559
"../../../Engine/Content/Tutorial/BlueprintTutorials/TutorialAssets/Blueprint_64x.uasset" 560
"../../../Engine/Content/Tutorial/BlueprintTutorials/TutorialAssets/Tutorial_BP_Interface.uasset" 561
"../../../Engine/Content/Tutorial/Foliage/TutorialAssets/Foliage.uasset" 562
"../../../Engine/Content/Tutorial/Landscape/TutorialAssets/Landscape.uasset" 563
"../../../Engine/Content/Tutorial/Paper2D/TutorialAssets/Paper2DFlipbook_TutorialIcon.uasset" 564
"../../../Engine/Content/Tutorial/Paper2D/TutorialAssets/Paper2DSprite_TutorialIcon.uasset" 565
"../../../Engine/Content/Tutorial/SubEditors/TutorialAssets/icon_Editor_Preferences_General_40x.uasset" 566
"../../../Engine/Content/Tutorial/SubEditors/TutorialAssets/icon_ShowSkeletalMeshes_40x.uasset" 567
"../../../Engine/Content/Tutorial/SubEditors/TutorialAssets/TutorialMaterial.uasset" 568
"../../../Engine/Content/Tutorial/SubEditors/TutorialAssets/T_SmokeSubUV_8X8.uasset" 569
"../../../Engine/Content/Tutorial/SubEditors/TutorialAssets/T_soft_smoke.uasset" 570
"../../../Engine/Content/Tutorial/SubEditors/TutorialAssets/M_smoke_subUV_blackbody.uasset" 571
"../../../Engine/Content/Tutorial/SubEditors/TutorialAssets/TutorialParticleSystem.uasset" 572
"../../../Engine/Content/VREditor/Devices/Generic/GenericHMDMaterial.uasset" 573
"../../../Engine/Content/VREditor/Devices/Generic/GenericHMD.uasset" 574
"../../../Engine/Content/VREditor/FloatingText/LineMaterial.uasset" 575
"../../../Engine/Content/VREditor/FloatingText/JointSphere.uasset" 576
"../../../Engine/Content/VREditor/FloatingText/LineSegmentCylinder.uasset" 577
"../../../Engine/Content/VREditor/Fonts/VRText_RobotoLarge.uasset" 578
"../../../Engine/Content/VREditor/Fonts/VRTextMaterial.uasset" 579
"../../../Engine/Content/VREditor/Fonts/TranslucentVRTextMaterial.uasset" 580
"../../../Engine/Content/VREditor/LaserPointer/CursorPointer.uasset" 581
"../../../Engine/Content/VREditor/LaserPointer/VR_LaserPower_01.uasset" 582
"../../../Engine/Content/VREditor/TransformGizmo/TransformGizmoMaterial.uasset" 583
"../../../Engine/Content/VREditor/LaserPointer/HoverMaterial.uasset" 584
"../../../Engine/Content/VREditor/TransformGizmo/TranslucentTransformGizmoMaterial.uasset" 585
"../../../Engine/Content/VREditor/LaserPointer/TranslucentHoverMaterial.uasset" 586
"../../../Engine/Content/VREditor/LaserPointer/HoverMesh.uasset" 587
"../../../Engine/Content/VREditor/LaserPointer/LaserPointerMaterial.uasset" 588
"../../../Engine/Content/VREditor/LaserPointer/LaserPointerMaterialInst.uasset" 589
"../../../Engine/Content/VREditor/LaserPointer/TranslucentLaserPointerMaterialInst.uasset" 590
"../../../Engine/Content/VREditor/LaserPointer/LaserPointerMesh.uasset" 591
"../../../Engine/Content/VREditor/LaserPointer/LaserPointerMesh_End.uasset" 592
"../../../Engine/Content/VREditor/LaserPointer/LaserPointerMesh_Start.uasset" 593
"../../../Engine/Content/Functions/Engine_MaterialFunctions02/SplitComponents.uasset" 594
"../../../Engine/Content/VREditor/SnapGrid/SnapGridMaterial.uasset" 595
"../../../Engine/Content/VREditor/SnapGrid/SnapGridPlaneMesh.uasset" 596
"../../../Engine/Content/VREditor/Sounds/VR_teleport.uasset" 597
"../../../Engine/Content/VREditor/Sounds/UI/Click_on_Button_Cue.uasset" 598
"../../../Engine/Content/VREditor/Sounds/UI/Dockable_Window_Close.uasset" 599
"../../../Engine/Content/VREditor/Sounds/UI/Dockable_Window_Drop.uasset" 600
"../../../Engine/Content/VREditor/Sounds/UI/Dockable_Window_Open.uasset" 601
"../../../Engine/Content/VREditor/Sounds/UI/Dockable_Window_Pick_Up.uasset" 602
"../../../Engine/Content/VREditor/Sounds/UI/Drop_Item_From_ContentBrowser.uasset" 603
"../../../Engine/Content/VREditor/Sounds/UI/Floating_UI_Open-001.uasset" 604
"../../../Engine/Content/VREditor/Sounds/UI/Gizmo_Handle_Clicked.uasset" 605
"../../../Engine/Content/VREditor/Sounds/UI/Object_PickUp.uasset" 606
"../../../Engine/Content/VREditor/Sounds/UI/Object_Snaps_To_Another_Actor.uasset" 607
"../../../Engine/Content/VREditor/Sounds/UI/Object_Snaps_To_Grid.uasset" 608
"../../../Engine/Content/VREditor/Sounds/UI/Radial_Menu_FadeOut.uasset" 609
"../../../Engine/Content/VREditor/Sounds/UI/Scaling_Down.uasset" 610
"../../../Engine/Content/VREditor/Sounds/UI/Scaling_Up.uasset" 611
"../../../Engine/Content/VREditor/Sounds/UI/Selection_Changes.uasset" 612
"../../../Engine/Content/VREditor/Sounds/UI/Teleport_Mode_Entered.uasset" 613
"../../../Engine/Content/VREditor/Teleport/TeleportDirectionMaterial.uasset" 614
"../../../Engine/Content/VREditor/Teleport/TeleportDirectionMaterial_Inst.uasset" 615
"../../../Engine/Content/VREditor/Teleport/TeleportDirectionMesh.uasset" 616
"../../../Engine/Content/VREditor/TransformGizmo/BoundingBoxCorner.uasset" 617
"../../../Engine/Content/VREditor/TransformGizmo/BoundingBoxEdge.uasset" 618
"../../../Engine/Content/VREditor/TransformGizmo/PlaneTranslationHandle.uasset" 619
"../../../Engine/Content/VREditor/TransformGizmo/RotationHandleFull.uasset" 620
"../../../Engine/Content/VREditor/TransformGizmo/RotationHandleIndicator.uasset" 621
"../../../Engine/Content/VREditor/TransformGizmo/RotationHandleQuarter.uasset" 622
"../../../Engine/Content/VREditor/TransformGizmo/Main.uasset" 623
"../../../Engine/Content/VREditor/TransformGizmo/Xray.uasset" 624
"../../../Engine/Content/VREditor/TransformGizmo/SM_Dialog_Close.uasset" 625
"../../../Engine/Content/VREditor/TransformGizmo/SM_Dialog_Move.uasset" 626
"../../../Engine/Content/VREditor/TransformGizmo/SM_Sequencer_Key.uasset" 627
"../../../Engine/Content/VREditor/TransformGizmo/SM_Sequencer_Node.uasset" 628
"../../../Engine/Content/VREditor/TransformGizmo/StartRotationHandleIndicator.uasset" 629
"../../../Engine/Content/VREditor/TransformGizmo/TranslucentTransformGizmoMaterial_Inst.uasset" 630
"../../../Engine/Content/VREditor/TransformGizmo/TransformGizmoFreeRotation.uasset" 631
"../../../Engine/Content/VREditor/TransformGizmo/TransformGizmoMaterial_Inst.uasset" 632
"../../../Engine/Content/VREditor/TransformGizmo/TranslateArrowHandle.uasset" 633
"../../../Engine/Content/VREditor/TransformGizmo/UniformScaleHandle.uasset" 634
"../../../Engine/Content/VREditor/UI/KeyDiskMaterial.uasset" 635
"../../../Engine/Content/VREditor/UI/DiscMaterial.uasset" 636
"../../../Engine/Content/VREditor/UI/SM_Radial_Disk.uasset" 637
"../../../Engine/Content/VREditor/WorldMovementGrid/SimpleGrid.uasset" 638
"../../../Engine/Content/VREditor/WorldMovementGrid/GridMaterial.uasset" 639
"../../../Engine/Content/Functions/Engine_MaterialFunctions01/Density/ExponentialDensity.uasset" 640
"../../../Engine/Content/VREditor/WorldMovementGrid/GridPostProcess.uasset" 641
"../../../Engine/Content/EditorLandscapeResources/FlattenHeightMat.uasset" 642
"../../../Engine/Content/VREditor/WorldMovementGrid/PlaneMesh.uasset" 643
"../../../Engine/Plugins/2D/Paper2D/Content/PlaceholderTextures/DummySpriteTexture.uasset" 644
"../../../Engine/Plugins/2D/Paper2D/Content/DummySprite.uasset" 645
"../../../Engine/Plugins/2D/Paper2D/Content/DefaultPaperTerrainMaterial.uasset" 646
"../../../Engine/Plugins/2D/Paper2D/Content/DefaultSpriteMaterial.uasset" 647
"../../../Engine/Plugins/2D/Paper2D/Content/MaskedUnlitSpriteMaterial.uasset" 648
"../../../Engine/Plugins/2D/Paper2D/Content/OpaqueUnlitSpriteMaterial.uasset" 649
"../../../Engine/Plugins/Media/MediaCompositing/Content/DefaultMediaPlaneMaterial.uasset" 650
"../../../Engine/Content/Functions/Engine_MaterialFunctions02/Utility/MakeFloat4.uasset" 651
"../../../Engine/Plugins/Runtime/AppleARKit/Content/ARKitCameraMaterial.uasset" 652
"../../../Engine/Plugins/Runtime/Oculus/OculusVR/Content/Textures/GearVRController_AO.uasset" 653
"../../../Engine/Plugins/Runtime/Oculus/OculusVR/Content/Textures/GearVRController_Color.uasset" 654
"../../../Engine/Plugins/Runtime/Oculus/OculusVR/Content/Textures/GearVRController_Normal.uasset" 655
"../../../Engine/Plugins/Runtime/Oculus/OculusVR/Content/Materials/GearVRControllerMaterial.uasset" 656
"../../../Engine/Plugins/Runtime/Oculus/OculusVR/Content/Meshes/GearVrController.uasset" 657
"../../../Engine/Content/EngineSky/C_Sky_Cloud_Color.uasset" 658
"../../../Engine/Content/EngineSky/C_Sky_Horizon_Color.uasset" 659
"../../../Engine/Content/EngineSky/C_Sky_Zenith_Color.uasset" 660
"../../../Engine/Content/EngineSky/T_Sky_Blue.uasset" 661
"../../../Engine/Content/EngineSky/T_Sky_Clouds_M.uasset" 662
"../../../Engine/Content/EngineSky/T_Sky_Stars.uasset" 663
"../../../Engine/Content/EngineSky/M_Sky_Panning_Clouds2.uasset" 664
"../../../Engine/Content/EngineSky/SM_SkySphere.uasset" 665
"../../../Engine/Content/EngineSky/BP_Sky_Sphere.uasset" 666
"../../../Breach/Content/SkeletonMeshes/EnemyCharacter/Animations/HeavyG_Death_1.uasset" 667
"../../../Breach/Content/SkeletonMeshes/EnemyCharacter/Animations/HeavyG_Death_1_Montage.uasset" 668
"../../../Breach/Content/SkeletonMeshes/EnemyCharacter/Animations/HeavyG_Death_2.uasset" 669
"../../../Breach/Content/SkeletonMeshes/EnemyCharacter/Animations/HeavyG_Death_2_Montage.uasset" 670
"../../../Breach/Content/SkeletonMeshes/EnemyCharacter/Animations/HeavyG_Death_3.uasset" 671
"../../../Breach/Content/SkeletonMeshes/EnemyCharacter/Animations/HeavyG_Death_3_Montage.uasset" 672
"../../../Breach/Content/SkeletonMeshes/EnemyCharacter/Animations/HeavyG_Fire_Rifle_Ironsights.uasset" 673
"../../../Breach/Content/SkeletonMeshes/EnemyCharacter/Animations/HeavyG_Fire_Rifle_Ironsights_Montage.uasset" 674
"../../../Breach/Content/SkeletonMeshes/EnemyCharacter/Animations/HeavyG_Idle_Rifle_Hip.uasset" 675
"../../../Breach/Content/SkeletonMeshes/EnemyCharacter/Animations/HeavyG_Idle_Rifle_Ironsights.uasset" 676
"../../../Breach/Content/SkeletonMeshes/EnemyCharacter/Animations/HeavyG_Jog_Bwd_Rifle.uasset" 677
"../../../Breach/Content/SkeletonMeshes/EnemyCharacter/Animations/HeavyG_Jog_Fwd_Rifle.uasset" 678
"../../../Breach/Content/SkeletonMeshes/EnemyCharacter/Animations/HeavyG_Jog_Lt_Rifle.uasset" 679
"../../../Breach/Content/SkeletonMeshes/EnemyCharacter/Animations/HeavyG_Jog_Rt_Rifle.uasset" 680
"../../../Breach/Content/SkeletonMeshes/EnemyCharacter/Animations/EnemyMoveBlendSpace.uasset" 681
"../../../Breach/Content/SkeletonMeshes/EnemyCharacter/Animations/EnemyCharacter_AnimBP.uasset" 682
"../../../Breach/Content/BlueprintSource/BP_EnemyProjectile.uasset" 683
"../../../Breach/Content/BlueprintSource/EnemyCharacter/BP_EnemyAwareVolumeTrigger.uasset" 684
"../../../Breach/Content/BlueprintSource/EnemyCharacter/BP_MovementSpline.uasset" 685
"../../../Breach/Content/BlueprintSource/EnemyCharacter/BP_EnemyMoveSplineComponent.uasset" 686
"../../../Breach/Content/BlueprintSource/EnemyCharacter/EnemyAI/BB_EnemyAI.uasset" 687
"../../../Breach/Content/BlueprintSource/EnemyCharacter/EnemyAI/CheckIfTargetHitDecorator.uasset" 688
"../../../Breach/Content/BlueprintSource/EnemyCharacter/EnemyAI/FindNextSplineLocation.uasset" 689
"../../../Breach/Content/BlueprintSource/EnemyCharacter/EnemyAI/FindPlayer.uasset" 690
"../../../Breach/Content/BlueprintSource/EnemyCharacter/EnemyAI/FireGun.uasset" 691
"../../../Breach/Content/BlueprintSource/EnemyCharacter/EnemyAI/GetNewLocationFromPlayer.uasset" 692
"../../../Breach/Content/BlueprintSource/EnemyCharacter/EnemyAI/RotateTowardPlayer.uasset" 693
"../../../Breach/Content/BlueprintSource/EnemyCharacter/EnemyAI/SetBoolTask.uasset" 694
"../../../Breach/Content/BlueprintSource/EnemyCharacter/EnemyAI/ShouldMoveService.uasset" 695
"../../../Breach/Content/BlueprintSource/EnemyCharacter/EnemyAI/StopFiringGun.uasset" 696
"../../../Breach/Content/BlueprintSource/EnemyCharacter/EnemyAI/TestCanShootPlayer.uasset" 697
"../../../Breach/Content/BlueprintSource/EnemyCharacter/EnemyAI/BT_EnemyAI.uasset" 698
"../../../Breach/Content/BlueprintSource/EnemyCharacter/EnemyAI/EnemyAIController.uasset" 699
"../../../Breach/Content/IBWP3DAssaultRiflePack/Weapons/SKS/BP_Enemy_SKS.uasset" 700
"../../../Breach/Content/Audio/SFX/MySounds/gun_machinegun_auto_heavy_shot_00_last_with_tail_01.uasset" 701
"../../../Breach/Content/Audio/SFX/MySounds/gun_machinegun_auto_heavy_shot_00_last_with_tail_01_Cue.uasset" 702
"../../../Engine/Content/Functions/Engine_MaterialFunctions01/Gradient/RadialGradientExponential.uasset" 703
"../../../Breach/Content/Materials/M_SimpleSpot.uasset" 704
"../../../Breach/Content/Particles/GunShot_Blood.uasset" 705
"../../../Breach/Content/SkeletonMeshes/EnemyCharacter/Character/Textures/Face/T_Face_D.uasset" 706
"../../../Breach/Content/SkeletonMeshes/EnemyCharacter/Character/Textures/Face/T_Face_Gloss.uasset" 707
"../../../Breach/Content/SkeletonMeshes/EnemyCharacter/Character/Textures/Face/T_Face_N.uasset" 708
"../../../Breach/Content/SkeletonMeshes/EnemyCharacter/Character/Materials/M_Face.uasset" 709
"../../../Breach/Content/SkeletonMeshes/EnemyCharacter/Character/Materials/M_Glass.uasset" 710
"../../../Engine/Content/EditorMaterials/Cascade/CASC_Cross.uasset" 711
"../../../Engine/Content/EditorMaterials/Cascade/CASC_None.uasset" 712
"../../../Engine/Content/Functions/Engine_MaterialFunctions03/Blends/Blend_Overlay.uasset" 713
"../../../Breach/Content/SkeletonMeshes/EnemyCharacter/Character/Textures/CAMO/T_Camo_desert.uasset" 714
"../../../Breach/Content/SkeletonMeshes/EnemyCharacter/Character/Textures/Helmet/T_GHV_Helmet_D.uasset" 715
"../../../Breach/Content/SkeletonMeshes/EnemyCharacter/Character/Textures/Helmet/T_GHV_Helmet_ID.uasset" 716
"../../../Breach/Content/SkeletonMeshes/EnemyCharacter/Character/Textures/Helmet/T_GHV_Helmet_N.uasset" 717
"../../../Breach/Content/SkeletonMeshes/EnemyCharacter/Character/Textures/Helmet/T_GHV_Helmet_ORM.uasset" 718
"../../../Breach/Content/SkeletonMeshes/EnemyCharacter/Character/Textures/Logos/T_Logo_L_D.uasset" 719
"../../../Breach/Content/SkeletonMeshes/EnemyCharacter/Character/Textures/Logos/T_Logo_R_D.uasset" 720
"../../../Breach/Content/SkeletonMeshes/EnemyCharacter/Character/Materials/M_GHV_master.uasset" 721
"../../../Breach/Content/SkeletonMeshes/EnemyCharacter/Character/Textures/CAMO/T_FlatGreen.uasset" 722
"../../../Breach/Content/SkeletonMeshes/EnemyCharacter/Character/Textures/Equipment/T_GHV_EquipmetA_D.uasset" 723
"../../../Breach/Content/SkeletonMeshes/EnemyCharacter/Character/Textures/Equipment/T_GHV_EquipmetA_ID.uasset" 724
"../../../Breach/Content/SkeletonMeshes/EnemyCharacter/Character/Textures/Equipment/T_GHV_EquipmetA_N.uasset" 725
"../../../Breach/Content/SkeletonMeshes/EnemyCharacter/Character/Textures/Equipment/T_GHV_EquipmetA_ORM.uasset" 726
"../../../Breach/Content/SkeletonMeshes/EnemyCharacter/Character/Materials/MI_GHV_EquipmentA.uasset" 727
"../../../Breach/Content/SkeletonMeshes/EnemyCharacter/Character/Textures/Logos/T_Logo_empty.uasset" 728
"../../../Breach/Content/SkeletonMeshes/EnemyCharacter/Character/Textures/Logos/T_LogoNmbr.uasset" 729
"../../../Breach/Content/SkeletonMeshes/EnemyCharacter/Character/Materials/MI_GHV_Helmet.uasset" 730
"../../../Breach/Content/SkeletonMeshes/EnemyCharacter/Character/Textures/Jacket/T_GHV_Jacket_D.uasset" 731
"../../../Breach/Content/SkeletonMeshes/EnemyCharacter/Character/Textures/Jacket/T_GHV_Jacket_ID.uasset" 732
"../../../Breach/Content/SkeletonMeshes/EnemyCharacter/Character/Textures/Jacket/T_GHV_Jacket_N.uasset" 733
"../../../Breach/Content/SkeletonMeshes/EnemyCharacter/Character/Textures/Jacket/T_GHV_Jacket_ORM.uasset" 734
"../../../Breach/Content/SkeletonMeshes/EnemyCharacter/Character/Materials/MI_GHV_Jacket.uasset" 735
"../../../Breach/Content/SkeletonMeshes/EnemyCharacter/Character/Textures/Pants/T_GHV_pants_D.uasset" 736
"../../../Breach/Content/SkeletonMeshes/EnemyCharacter/Character/Textures/Pants/T_GHV_pants_ID.uasset" 737
"../../../Breach/Content/SkeletonMeshes/EnemyCharacter/Character/Textures/Pants/T_GHV_pants_N.uasset" 738
"../../../Breach/Content/SkeletonMeshes/EnemyCharacter/Character/Textures/Pants/T_GHV_pants_ORM.uasset" 739
"../../../Breach/Content/SkeletonMeshes/EnemyCharacter/Character/Materials/MI_GHV_Pants.uasset" 740
"../../../Breach/Content/SkeletonMeshes/EnemyCharacter/Character/Textures/Logos/T_LogoMP.uasset" 741
"../../../Breach/Content/SkeletonMeshes/EnemyCharacter/Character/Textures/Vest/T_GHV_Vest_D.uasset" 742
"../../../Breach/Content/SkeletonMeshes/EnemyCharacter/Character/Textures/Vest/T_GHV_Vest_ID.uasset" 743
"../../../Breach/Content/SkeletonMeshes/EnemyCharacter/Character/Textures/Vest/T_GHV_Vest_N.uasset" 744
"../../../Breach/Content/SkeletonMeshes/EnemyCharacter/Character/Textures/Vest/T_GHV_Vest_ORM.uasset" 745
"../../../Breach/Content/SkeletonMeshes/EnemyCharacter/Character/Materials/MI_GHV_Vest.uasset" 746
"../../../Breach/Content/SkeletonMeshes/EnemyCharacter/Character/Meshes/SK_HeavyGSoldier_simple_Physics.uasset" 747
"../../../Breach/Content/SkeletonMeshes/EnemyCharacter/Character/Meshes/SK_HeavyGSoldier_simple.uasset" 748
"../../../Breach/Content/BlueprintSource/EnemyCharacter/BP_EnemyCharacter.uasset" 749
"../../../Breach/Content/BlueprintSource/BP_AreaSpawner.uasset" 750
"../../../Breach/Content/BlueprintSource/BP_BasicSpawner.uasset" 751
"../../../Breach/Content/BlueprintSource/BP_Door2.uasset" 752
"../../../Breach/Content/BlueprintSource/BP_EventBoxTrigger.uasset" 753
"../../../Breach/Content/Maps/Level_1Map_1_BuiltData.uasset" 754
"../../../Breach/Content/MyContent/Textures/bunker_ceiling_AO.uasset" 755
"../../../Breach/Content/MyContent/Textures/bunker_ceiling_D.uasset" 756
"../../../Breach/Content/MyContent/Textures/bunker_ceiling_N.uasset" 757
"../../../Breach/Content/MyContent/Textures/bunker_ceiling_S.uasset" 758
"../../../Breach/Content/MyContent/Materials/CeilingMaterial.uasset" 759
"../../../Breach/Content/MyContent/Textures/Bunker_Floor_Texture_1.uasset" 760
"../../../Breach/Content/MyContent/Textures/Bunker_Floor_Texture_1_Normal.uasset" 761
"../../../Breach/Content/MyContent/Textures/bunker_plate_AO.uasset" 762
"../../../Breach/Content/MyContent/Textures/bunker_plate_S.uasset" 763
"../../../Breach/Content/MyContent/Materials/firstRoomFloor.uasset" 764
"../../../Breach/Content/MyContent/Textures/metal_grid_1.uasset" 765
"../../../Breach/Content/MyContent/Textures/metal_grid_1_alpha.uasset" 766
"../../../Breach/Content/MyContent/Textures/metal_grid_1_norm.uasset" 767
"../../../Breach/Content/MyContent/Materials/StairsMaterial.uasset" 768
"../../../Breach/Content/MyContent/Meshes/FifthRoomGeometry/fifthRoomGeometry.uasset" 769
"../../../Breach/Content/MyContent/Meshes/firstRoomGeometryBackWall.uasset" 770
"../../../Breach/Content/MyContent/Meshes/firstRoomGeometryCeiling.uasset" 771
"../../../Breach/Content/MyContent/Meshes/firstRoomGeometryFloor.uasset" 772
"../../../Breach/Content/MyContent/Meshes/firstRoomGeometryWall.uasset" 773
"../../../Breach/Content/MyContent/Meshes/firstRoomGeometryWallFront.uasset" 774
"../../../Breach/Content/MyContent/Meshes/firstStairwell.uasset" 775
"../../../Breach/Content/MyContent/Meshes/FourthRoomGeometry/fourthToFifthHallway.uasset" 776
"../../../Breach/Content/MyContent/Meshes/FourthRoomGeometry/Room4.uasset" 777
"../../../Breach/Content/MyContent/Meshes/SecondRoomBackWallBlock.uasset" 778
"../../../Breach/Content/MyContent/Meshes/SecondRoomFloor.uasset" 779
"../../../Breach/Content/MyContent/Meshes/SecondRoomGeometryBackWall.uasset" 780
"../../../Breach/Content/MyContent/Meshes/SecondRoomGeometryCeiling.uasset" 781
"../../../Breach/Content/MyContent/Meshes/SecondRoomGeometryFrontWall.uasset" 782
"../../../Breach/Content/MyContent/Meshes/SecondRoomGeometryLeftWall.uasset" 783
"../../../Breach/Content/MyContent/Meshes/SecondRoomGeometryRightWall.uasset" 784
"../../../Breach/Content/MyContent/Meshes/SecondRoomSubRoom1.uasset" 785
"../../../Breach/Content/MyContent/Meshes/SecondRoomSubRoom2.uasset" 786
"../../../Breach/Content/MyContent/Meshes/SecondRoomSubRoom3.uasset" 787
"../../../Breach/Content/MyContent/Meshes/SecondRoomSubRoom4.uasset" 788
"../../../Breach/Content/MyContent/Meshes/SecondRoomSubRoom4ConnectingBridge.uasset" 789
"../../../Breach/Content/MyContent/Meshes/ThirdRoomGeometry/thirdRoomGeometryStairwell.uasset" 790
"../../../Breach/Content/MyContent/Meshes/ThirdRoomGeometry/thirdRoomGeometryWalkway.uasset" 791
"../../../Breach/Content/MyContent/Meshes/ThirdRoomGeometry/thirdRoomSubroom1.uasset" 792
"../../../Breach/Content/SoulCity/Environment/Meshes/Building_Slum/SM_Slums_Pipe_05d.uasset" 793
"../../../Breach/Content/Maps/Level_1Map_1.umap" 794
"../../../Breach/Content/Maps/Level_1Map_2_BuiltData.uasset" 795
"../../../Breach/Content/StarterContent/Textures/T_MacroVariation.uasset" 796
"../../../Breach/Content/StarterContent/Textures/T_Perlin_Noise_M.uasset" 797
"../../../Breach/Content/StarterContent/Textures/T_Wood_Pine_D.uasset" 798
"../../../Breach/Content/StarterContent/Textures/T_Wood_Pine_N.uasset" 799
"../../../Breach/Content/StarterContent/Materials/M_Wood_Pine.uasset" 800
"../../../Engine/Content/BasicShapes/Cube.uasset" 801
"../../../Breach/Content/MyContent/Textures/bunker_tiles.uasset" 802
"../../../Breach/Content/MyContent/Textures/bunker_tiles_AO.uasset" 803
"../../../Breach/Content/MyContent/Textures/bunker_tiles_N.uasset" 804
"../../../Breach/Content/MyContent/Textures/bunker_tiles_S.uasset" 805
"../../../Breach/Content/MyContent/Materials/bunkerTileMaterial.uasset" 806
"../../../Breach/Content/MyContent/Meshes/SecondLevel/BackWall.uasset" 807
"../../../Breach/Content/MyContent/Meshes/SecondLevel/Ceiling.uasset" 808
"../../../Breach/Content/MyContent/Meshes/SecondLevel/Floor.uasset" 809
"../../../Breach/Content/MyContent/Meshes/SecondLevel/FrontWall.uasset" 810
"../../../Breach/Content/MyContent/Meshes/SecondLevel/LeftWall.uasset" 811
"../../../Breach/Content/MyContent/Meshes/SecondLevel/RightWall.uasset" 812
"../../../Breach/Content/Maps/Level_1Map_2.umap" 813
"../../../Breach/Content/BlueprintSource/MainMenuGameMode.uasset" 814
"../../../Breach/Content/BlueprintSource/UI/MainMenuWidget.uasset" 815
"../../../Breach/Content/Maps/MainMenu.umap" 816
"../../../Breach/Content/AnimStarterPack/Crouch_Idle_Rifle_Hip.uasset" 817
"../../../Breach/Content/AnimStarterPack/Crouch_Idle_Rifle_Ironsights.uasset" 818
"../../../Breach/Content/AnimStarterPack/Crouch_Walk_Fwd_Rifle_Ironsights.uasset" 819
"../../../Breach/Content/AnimStarterPack/Equip_Pistol_Standing.uasset" 820
"../../../Breach/Content/AnimStarterPack/Fire_Rifle_Ironsights.uasset" 821
"../../../Breach/Content/AnimStarterPack/Hit_React_1.uasset" 822
"../../../Breach/Content/AnimStarterPack/Hit_React_2.uasset" 823
"../../../Breach/Content/AnimStarterPack/Hit_React_3.uasset" 824
"../../../Breach/Content/AnimStarterPack/Idle_Rifle_Hip_Break1.uasset" 825
"../../../Breach/Content/AnimStarterPack/Idle_Rifle_Hip_Break2.uasset" 826
"../../../Breach/Content/AnimStarterPack/Reload_Rifle_Hip.uasset" 827
"../../../Breach/Content/AnimStarterPack/Walk_Fwd_Rifle_Ironsights.uasset" 828
"../../../Engine/Content/TemplateResources/M_Template_Master.uasset" 829
"../../../Engine/Content/TemplateResources/MI_Template_BaseGray_03_Metal.uasset" 830
"../../../Engine/Content/Functions/MaterialLayerFunctions/MatLayerBlend_AO.uasset" 831
"../../../Breach/Content/AnimStarterPack/UE4_Mannequin/Materials/MaterialLayers/T_ML_Rubber_Blue_01_D.uasset" 832
"../../../Breach/Content/AnimStarterPack/UE4_Mannequin/Materials/MaterialLayers/T_ML_Rubber_Blue_01_N.uasset" 833
"../../../Breach/Content/AnimStarterPack/UE4_Mannequin/Materials/MaterialLayers/ML_GlossyBlack_Latex_UE4.uasset" 834
"../../../Breach/Content/AnimStarterPack/UE4_Mannequin/Materials/MaterialLayers/ML_Plastic_Shiny_Beige.uasset" 835
"../../../Breach/Content/AnimStarterPack/UE4_Mannequin/Textures/UE4_LOGO_CARD.uasset" 836
"../../../Breach/Content/AnimStarterPack/UE4_Mannequin/Materials/MaterialLayers/ML_Plastic_Shiny_Beige_LOGO.uasset" 837
"../../../Breach/Content/AnimStarterPack/UE4_Mannequin/Materials/MaterialLayers/T_ML_Aluminum01.uasset" 838
"../../../Breach/Content/AnimStarterPack/UE4_Mannequin/Materials/MaterialLayers/T_ML_Aluminum01_N.uasset" 839
"../../../Breach/Content/AnimStarterPack/UE4_Mannequin/Materials/MaterialLayers/ML_SoftMetal_UE4.uasset" 840
"../../../Breach/Content/AnimStarterPack/UE4_Mannequin/Textures/UE4_Mannequin__normals.uasset" 841
"../../../Breach/Content/AnimStarterPack/UE4_Mannequin/Textures/UE4_Mannequin_MAT_MASKA.uasset" 842
"../../../Breach/Content/AnimStarterPack/UE4_Mannequin/Textures/UE4_Mannequin_occlusion_Mobile.uasset" 843
"../../../Breach/Content/AnimStarterPack/UE4_Mannequin/Materials/M_UE4Man_Body.uasset" 844
"../../../Breach/Content/AnimStarterPack/UE4_Mannequin/Textures/UE4Man_Logo_N.uasset" 845
"../../../Breach/Content/AnimStarterPack/UE4_Mannequin/Materials/M_UE4Man_ChestLogo.uasset" 846
"../../../Breach/Content/AnimStarterPack/UE4_Mannequin/Mesh/SK_Mannequin_PhysicsAsset.uasset" 847
"../../../Breach/Content/AnimStarterPack/UE4_Mannequin/Mesh/SK_Mannequin.uasset" 848
"../../../Breach/Content/AnimStarterPack/Showcase.umap" 849
"../../../Breach/Content/FirstPersonBPIronbelly/Textures/FirstPersonCrosshair.uasset" 850
"../../../Breach/Content/FirstPersonBPIronbelly/Blueprints/FirstPersonHUDIronbelly.uasset" 851
"../../../Breach/Content/FirstPersonBPIronbelly/Blueprints/FirstPersonGameModeIronbelly.uasset" 852
"../../../Engine/Content/Functions/Engine_MaterialFunctions03/Procedurals/ComputeFilterWidth.uasset" 853
"../../../Engine/Content/EngineMaterials/AntiAliasedTextMaterialTranslucent.uasset" 854
"../../../Breach/Content/FirstPersonBPIronbelly/Geometry/Meshes/CubeMaterialOverride.uasset" 855
"../../../Breach/Content/FirstPersonBPIronbelly/Geometry/Meshes/1M_Cube.uasset" 856
"../../../Breach/Content/FirstPersonBPIronbelly/Maps/FirstPersonExampleMap_IronbellyARPACK.umap" 857
"../../../Breach/Content/GSoldierHeavy/Maps/Overview_BuiltData.uasset" 858
"../../../Engine/Content/MapTemplates/SM_Template_Map_Floor.uasset" 859
"../../../Breach/Content/GSoldierHeavy/Maps/Overview.umap" 860
"../../../Breach/Content/GSoldierHeavy/Maps/Showcase_BuiltData.uasset" 861
"../../../Breach/Content/GSoldierHeavy/Maps/Showcase.umap" 862
"../../../Breach/Content/StarterContent/Blueprints/Assets/FogBrightnessLUT.uasset" 863
"../../../Breach/Content/StarterContent/Blueprints/Assets/SunlightColorLUT.uasset" 864
"../../../Breach/Content/StarterContent/Blueprints/Assets/M_LightStage_Arrows.uasset" 865
"../../../Engine/Content/MapTemplates/Sky/DaylightAmbientCubemap.uasset" 866
"../../../Breach/Content/StarterContent/Blueprints/Assets/M_LightStage_Skybox_Master.uasset" 867
"../../../Breach/Content/StarterContent/Blueprints/Assets/M_LightStage_Skybox_Black.uasset" 868
"../../../Breach/Content/StarterContent/Blueprints/Assets/M_LightStage_Skybox_HDRI.uasset" 869
"../../../Engine/Content/EditorMaterials/Thumbnails/SkySphereMaterial.uasset" 870
"../../../Breach/Content/StarterContent/Blueprints/Assets/Skybox.uasset" 871
"../../../Breach/Content/StarterContent/Blueprints/Assets/SM_Arrows.uasset" 872
"../../../Breach/Content/StarterContent/HDRI/HDRI_Epic_Courtyard_Daylight.uasset" 873
"../../../Breach/Content/StarterContent/Blueprints/BP_LightStudio.uasset" 874
"../../../Breach/Content/StarterContent/Maps/Advanced_Lighting_BuiltData.uasset" 875
"../../../Breach/Content/StarterContent/Materials/M_AssetPlatform.uasset" 876
"../../../Engine/Content/EditorMeshes/ColorCalibrator/M_ChromeBall.uasset" 877
"../../../Engine/Content/EditorMeshes/ColorCalibrator/M_ClearCoat.uasset" 878
"../../../Engine/Content/EditorMeshes/ColorCalibrator/M_ClearCoatBlack.uasset" 879
"../../../Engine/Content/EditorMeshes/ColorCalibrator/Color_checker.uasset" 880
"../../../Engine/Content/EditorMeshes/ColorCalibrator/M_ColorGrid.uasset" 881
"../../../Engine/Content/EditorMeshes/ColorCalibrator/M_GreyBall.uasset" 882
"../../../Engine/Content/EditorMeshes/ColorCalibrator/SM_ColorCalibrator.uasset" 883
"../../../Breach/Content/StarterContent/Architecture/SM_AssetPlatform.uasset" 884
"../../../Breach/Content/StarterContent/Maps/Advanced_Lighting.umap" 885
"../../../Breach/Content/StarterContent/Maps/Minimal_Default_BuiltData.uasset" 886
"../../../Breach/Content/StarterContent/Materials/M_Metal_Brushed_Nickel.uasset" 887
"../../../Breach/Content/StarterContent/Textures/T_Metal_Aluminum_D.uasset" 888
"../../../Breach/Content/StarterContent/Textures/T_Metal_Gold_N.uasset" 889
"../../../Breach/Content/StarterContent/Materials/M_Metal_Burnished_Steel.uasset" 890
"../../../Breach/Content/StarterContent/Textures/T_Metal_Copper_D.uasset" 891
"../../../Breach/Content/StarterContent/Materials/M_Metal_Copper.uasset" 892
"../../../Breach/Content/StarterContent/Textures/T_Statue_M.uasset" 893
"../../../Breach/Content/StarterContent/Textures/T_Statue_N.uasset" 894
"../../../Breach/Content/StarterContent/Props/Materials/M_StatueGlass.uasset" 895
"../../../Breach/Content/StarterContent/Architecture/Floor_400x400.uasset" 896
"../../../Breach/Content/StarterContent/Audio/Starter_Background_Cue.uasset" 897
"../../../Breach/Content/StarterContent/Props/SM_Chair.uasset" 898
"../../../Breach/Content/StarterContent/Props/Materials/M_Statue.uasset" 899
"../../../Breach/Content/StarterContent/Props/SM_Statue.uasset" 900
"../../../Breach/Content/StarterContent/Textures/T_TableRound_M.uasset" 901
"../../../Breach/Content/StarterContent/Textures/T_TableRound_N.uasset" 902
"../../../Breach/Content/StarterContent/Props/Materials/M_TableRound.uasset" 903
"../../../Breach/Content/StarterContent/Props/SM_TableRound.uasset" 904
"../../../Breach/Content/StarterContent/Maps/Minimal_Default.umap" 905
"../../../Breach/Content/StarterContent/Audio/Fire01_Cue.uasset" 906
"../../../Breach/Content/StarterContent/Textures/T_Fire_SubUV.uasset" 907
"../../../Breach/Content/StarterContent/Textures/T_Fire_Tiled_D.uasset" 908
"../../../Breach/Content/StarterContent/Particles/Materials/M_Fire_SubUV.uasset" 909
"../../../Breach/Content/StarterContent/Textures/T_Water_N.uasset" 910
"../../../Breach/Content/StarterContent/Particles/Materials/M_Heat_Distortion.uasset" 911
"../../../Breach/Content/StarterContent/Particles/Materials/M_Radial_Gradient.uasset" 912
"../../../Breach/Content/StarterContent/Particles/P_Fire.uasset" 913
"../../../Breach/Content/StarterContent/Blueprints/Blueprint_Effect_Fire.uasset" 914
"../../../Breach/Content/StarterContent/Audio/Smoke01_Cue.uasset" 915
"../../../Breach/Content/StarterContent/Particles/P_Smoke.uasset" 916
"../../../Breach/Content/StarterContent/Blueprints/Blueprint_Effect_Smoke.uasset" 917
"../../../Breach/Content/StarterContent/Audio/Fire_Sparks01_Cue.uasset" 918
"../../../Breach/Content/StarterContent/Textures/T_Spark_Core.uasset" 919
"../../../Breach/Content/StarterContent/Particles/Materials/M_Spark.uasset" 920
"../../../Breach/Content/StarterContent/Particles/P_Sparks.uasset" 921
"../../../Breach/Content/StarterContent/Blueprints/Blueprint_Effect_Sparks.uasset" 922
"../../../Breach/Content/StarterContent/Audio/Steam01_Cue.uasset" 923
"../../../Breach/Content/StarterContent/Particles/P_Steam_Lit.uasset" 924
"../../../Breach/Content/StarterContent/Blueprints/Blueprint_Effect_Steam.uasset" 925
"../../../Breach/Content/StarterContent/Textures/T_Lamp_M.uasset" 926
"../../../Breach/Content/StarterContent/Textures/T_Lamp_N.uasset" 927
"../../../Breach/Content/StarterContent/Props/Materials/M_Lamp.uasset" 928
"../../../Breach/Content/StarterContent/Props/SM_Lamp_Ceiling.uasset" 929
"../../../Breach/Content/StarterContent/Blueprints/Blueprint_CeilingLight.uasset" 930
"../../../Breach/Content/StarterContent/Props/SM_Lamp_Wall.uasset" 931
"../../../Breach/Content/StarterContent/Blueprints/Blueprint_WallSconce.uasset" 932
"../../../Breach/Content/StarterContent/Maps/StarterMap_BuiltData.uasset" 933
"../../../Breach/Content/StarterContent/Textures/T_Brick_Clay_Beveled_D.uasset" 934
"../../../Breach/Content/StarterContent/Textures/T_Brick_Clay_Beveled_M.uasset" 935
"../../../Breach/Content/StarterContent/Textures/T_Brick_Clay_Beveled_N.uasset" 936
"../../../Breach/Content/StarterContent/Materials/M_Brick_Clay_Beveled.uasset" 937
"../../../Breach/Content/StarterContent/Textures/T_Brick_Clay_New_D.uasset" 938
"../../../Breach/Content/StarterContent/Textures/T_Brick_Clay_New_M.uasset" 939
"../../../Breach/Content/StarterContent/Textures/T_Brick_Clay_New_N.uasset" 940
"../../../Breach/Content/StarterContent/Materials/M_Brick_Clay_New.uasset" 941
"../../../Breach/Content/StarterContent/Textures/T_Brick_Clay_Old_D.uasset" 942
"../../../Breach/Content/StarterContent/Textures/T_Brick_Clay_Old_N.uasset" 943
"../../../Breach/Content/StarterContent/Materials/M_Brick_Clay_Old.uasset" 944
"../../../Breach/Content/StarterContent/Textures/T_Brick_Cut_Stone_D.uasset" 945
"../../../Breach/Content/StarterContent/Textures/T_Brick_Cut_Stone_N.uasset" 946
"../../../Breach/Content/StarterContent/Materials/M_Brick_Cut_Stone.uasset" 947
"../../../Breach/Content/StarterContent/Textures/T_Brick_Hewn_Stone_D.uasset" 948
"../../../Breach/Content/StarterContent/Textures/T_Brick_Hewn_Stone_M.uasset" 949
"../../../Breach/Content/StarterContent/Textures/T_Brick_Hewn_Stone_N.uasset" 950
"../../../Breach/Content/StarterContent/Materials/M_Brick_Hewn_Stone.uasset" 951
"../../../Breach/Content/StarterContent/Textures/T_Ceramic_Tile_M.uasset" 952
"../../../Breach/Content/StarterContent/Textures/T_Ceramic_Tile_N.uasset" 953
"../../../Breach/Content/StarterContent/Textures/T_Rock_Marble_Polished_D.uasset" 954
"../../../Breach/Content/StarterContent/Materials/M_Ceramic_Tile_Checker.uasset" 955
"../../../Breach/Content/StarterContent/Textures/T_CobbleStone_Pebble_D.uasset" 956
"../../../Breach/Content/StarterContent/Textures/T_CobbleStone_Pebble_M.uasset" 957
"../../../Breach/Content/StarterContent/Textures/T_CobbleStone_Pebble_N.uasset" 958
"../../../Breach/Content/StarterContent/Materials/M_CobbleStone_Pebble.uasset" 959
"../../../Breach/Content/StarterContent/Textures/T_CobbleStone_Rough_D.uasset" 960
"../../../Breach/Content/StarterContent/Textures/T_CobbleStone_Rough_N.uasset" 961
"../../../Breach/Content/StarterContent/Textures/T_Gradinet_01.uasset" 962
"../../../Breach/Content/StarterContent/Textures/T_Rock_Smooth_Granite_D.uasset" 963
"../../../Breach/Content/StarterContent/Materials/M_CobbleStone_Rough.uasset" 964
"../../../Breach/Content/StarterContent/Textures/T_CobbleStone_Smooth_D.uasset" 965
"../../../Breach/Content/StarterContent/Textures/T_CobbleStone_Smooth_M.uasset" 966
"../../../Breach/Content/StarterContent/Textures/T_CobbleStone_Smooth_N.uasset" 967
"../../../Breach/Content/StarterContent/Materials/M_CobbleStone_Smooth.uasset" 968
"../../../Breach/Content/StarterContent/Textures/T_Concrete_Grime_D.uasset" 969
"../../../Breach/Content/StarterContent/Textures/T_Metal_Rust_N.uasset" 970
"../../../Breach/Content/StarterContent/Materials/M_Concrete_Grime.uasset" 971
"../../../Breach/Content/StarterContent/Textures/T_Concrete_Panels_D.uasset" 972
"../../../Breach/Content/StarterContent/Textures/T_Concrete_Panels_N.uasset" 973
"../../../Breach/Content/StarterContent/Materials/M_Concrete_Panels.uasset" 974
"../../../Breach/Content/StarterContent/Textures/T_Concrete_Poured_D.uasset" 975
"../../../Breach/Content/StarterContent/Textures/T_Concrete_Poured_N.uasset" 976
"../../../Breach/Content/StarterContent/Materials/M_Concrete_Poured.uasset" 977
"../../../Breach/Content/StarterContent/Textures/T_Concrete_Tiles_D.uasset" 978
"../../../Breach/Content/StarterContent/Textures/T_Concrete_Tiles_M.uasset" 979
"../../../Breach/Content/StarterContent/Textures/T_Concrete_Tiles_N.uasset" 980
"../../../Breach/Content/StarterContent/Textures/T_Concrete_Tiles_Variation_M.uasset" 981
"../../../Breach/Content/StarterContent/Materials/M_Concrete_Tiles.uasset" 982
"../../../Breach/Content/StarterContent/Textures/T_Ground_Grass_D.uasset" 983
"../../../Breach/Content/StarterContent/Textures/T_Ground_Grass_N.uasset" 984
"../../../Breach/Content/StarterContent/Materials/M_Ground_Grass.uasset" 985
"../../../Breach/Content/StarterContent/Textures/T_Ground_Gravel_D.uasset" 986
"../../../Breach/Content/StarterContent/Textures/T_Ground_Gravel_N.uasset" 987
"../../../Breach/Content/StarterContent/Materials/M_Ground_Gravel.uasset" 988
"../../../Breach/Content/StarterContent/Textures/T_ground_Moss_D.uasset" 989
"../../../Breach/Content/StarterContent/Textures/T_Ground_Moss_N.uasset" 990
"../../../Breach/Content/StarterContent/Materials/M_Ground_Moss.uasset" 991
"../../../Breach/Content/StarterContent/Materials/M_Metal_Chrome.uasset" 992
"../../../Breach/Content/StarterContent/Textures/T_Metal_Gold_D.uasset" 993
"../../../Breach/Content/StarterContent/Materials/M_Metal_Gold.uasset" 994
"../../../Breach/Content/StarterContent/Textures/T_Metal_Rust_D.uasset" 995
"../../../Breach/Content/StarterContent/Materials/M_Metal_Rust.uasset" 996
"../../../Breach/Content/StarterContent/Textures/T_Metal_Steel_D.uasset" 997
"../../../Breach/Content/StarterContent/Textures/T_Metal_Steel_N.uasset" 998
"../../../Breach/Content/StarterContent/Materials/M_Metal_Steel.uasset" 999
"../../../Breach/Content/StarterContent/Textures/T_Rock_Basalt_N.uasset" 1000
"../../../Breach/Content/StarterContent/Materials/M_Rock_Basalt.uasset" 1001
"../../../Breach/Content/StarterContent/Materials/M_Rock_Marble_Polished.uasset" 1002
"../../../Breach/Content/StarterContent/Textures/T_Rock_Sandstone_D.uasset" 1003
"../../../Breach/Content/StarterContent/Textures/T_Rock_Sandstone_N.uasset" 1004
"../../../Breach/Content/StarterContent/Materials/M_Rock_Sandstone.uasset" 1005
"../../../Breach/Content/StarterContent/Textures/T_Rock_Slate_D.uasset" 1006
"../../../Breach/Content/StarterContent/Textures/T_Rock_Slate_N.uasset" 1007
"../../../Breach/Content/StarterContent/Materials/M_Rock_Slate.uasset" 1008
"../../../Breach/Content/StarterContent/Textures/T_Checker_Noise_M.uasset" 1009
"../../../Breach/Content/StarterContent/Textures/T_Single_Tile_N.uasset" 1010
"../../../Breach/Content/StarterContent/Textures/T_Tech_Dot_M.uasset" 1011
"../../../Breach/Content/StarterContent/Textures/T_Tech_Dot_N.uasset" 1012
"../../../Breach/Content/StarterContent/Materials/M_Tech_Checker_Dot.uasset" 1013
"../../../Breach/Content/StarterContent/Textures/T_Tech_Hex_Tile_M.uasset" 1014
"../../../Breach/Content/StarterContent/Textures/T_Tech_Hex_Tile_N.uasset" 1015
"../../../Breach/Content/StarterContent/Materials/M_Tech_Hex_Tile.uasset" 1016
"../../../Breach/Content/StarterContent/Materials/M_Tech_Hex_Tile_Pulse.uasset" 1017
"../../../Breach/Content/StarterContent/Textures/T_Tech_Panel_M.uasset" 1018
"../../../Breach/Content/StarterContent/Textures/T_Tech_Panel_N.uasset" 1019
"../../../Breach/Content/StarterContent/Materials/M_Tech_Panel.uasset" 1020
"../../../Breach/Content/StarterContent/Materials/M_Water_Lake.uasset" 1021
"../../../Breach/Content/StarterContent/Textures/T_Water_M.uasset" 1022
"../../../Breach/Content/StarterContent/Materials/M_Water_Ocean.uasset" 1023
"../../../Breach/Content/StarterContent/Textures/T_Wood_Floor_Walnut_D.uasset" 1024
"../../../Breach/Content/StarterContent/Textures/T_Wood_Floor_Walnut_M.uasset" 1025
"../../../Breach/Content/StarterContent/Textures/T_Wood_Floor_Walnut_N.uasset" 1026
"../../../Breach/Content/StarterContent/Materials/M_Wood_Floor_Walnut_Polished.uasset" 1027
"../../../Engine/Content/Functions/Engine_MaterialFunctions01/Opacity/AlphaOffset.uasset" 1028
"../../../Breach/Content/StarterContent/Materials/M_Wood_Floor_Walnut_Worn.uasset" 1029
"../../../Breach/Content/StarterContent/Textures/T_Wood_Oak_D.uasset" 1030
"../../../Breach/Content/StarterContent/Textures/T_Wood_Oak_N.uasset" 1031
"../../../Breach/Content/StarterContent/Materials/M_Wood_Oak.uasset" 1032
"../../../Breach/Content/StarterContent/Textures/T_Wood_Walnut_D.uasset" 1033
"../../../Breach/Content/StarterContent/Textures/T_Wood_Walnut_N.uasset" 1034
"../../../Breach/Content/StarterContent/Materials/M_Wood_Walnut.uasset" 1035
"../../../Breach/Content/StarterContent/Architecture/Wall_400x200.uasset" 1036
"../../../Breach/Content/StarterContent/Architecture/Wall_Door_400x300.uasset" 1037
"../../../Breach/Content/StarterContent/Architecture/Wall_Window_400x300.uasset" 1038
"../../../Breach/Content/StarterContent/Audio/Collapse_Cue.uasset" 1039
"../../../Breach/Content/StarterContent/Audio/Starter_Music_Cue.uasset" 1040
"../../../Breach/Content/StarterContent/Textures/T_Dust_Particle_D.uasset" 1041
"../../../Breach/Content/StarterContent/Particles/Materials/M_Dust_Particle.uasset" 1042
"../../../Breach/Content/StarterContent/Particles/P_Ambient_Dust.uasset" 1043
"../../../Breach/Content/StarterContent/Props/MaterialSphere.uasset" 1044
"../../../Breach/Content/StarterContent/Props/SM_CornerFrame.uasset" 1045
"../../../Breach/Content/StarterContent/Props/SM_GlassWindow.uasset" 1046
"../../../Breach/Content/StarterContent/Props/SM_PillarFrame.uasset" 1047
"../../../Breach/Content/StarterContent/Props/SM_PillarFrame300.uasset" 1048
"../../../Breach/Content/StarterContent/Props/SM_WindowFrame.uasset" 1049
"../../../Breach/Content/StarterContent/Shapes/Shape_Cube.uasset" 1050
"../../../Breach/Content/StarterContent/Shapes/Shape_Sphere.uasset" 1051
"../../../Breach/Content/StarterContent/Maps/StarterMap.umap" 1052
"../../../Engine/Content/Maps/Entry.umap" 1053
