Log file open, 01/26/19 23:46:16
LogWindows: Failed to load 'aqProf.dll' (GetLastError=126)
LogWindows: File 'aqProf.dll' does not exist
LogWindows: Failed to load 'VtuneApi.dll' (GetLastError=126)
LogWindows: File 'VtuneApi.dll' does not exist
LogWindows: Failed to load 'VtuneApi32e.dll' (GetLastError=126)
LogWindows: File 'VtuneApi32e.dll' does not exist
LogInit: Display: Running engine for game: Breach
LogPlatformFile: Not using cached read wrapper
LogInit: Display: RandInit(-274646086) SRandInit(-274646086).
LogInit: Read version file with build ID '3709383'
LogInit: Overriding engine version to CL 3832480, compatible CL 3709383
LogInit: Registered custom module enumerator with build ID '3709383'
LogTaskGraph: Started task graph with 5 named threads and 14 total threads with 3 sets of task threads.
LogStats: Stats thread started at 1.053726
LogD3D11RHI: Aftermath initialized
LogPluginManager: Mounting plugin Paper2D
LogPluginManager: Mounting plugin LightPropagationVolume
LogPluginManager: Mounting plugin CodeLiteSourceCodeAccess
LogPluginManager: Mounting plugin GitSourceControl
LogPluginManager: Mounting plugin KDevelopSourceCodeAccess
LogPluginManager: Mounting plugin NullSourceCodeAccess
LogPluginManager: Mounting plugin PerforceSourceControl
LogPluginManager: Mounting plugin SubversionSourceControl
LogPluginManager: Mounting plugin UObjectPlugin
LogPluginManager: Mounting plugin VisualStudioCodeSourceCodeAccess
LogPluginManager: Mounting plugin VisualStudioSourceCodeAccess
LogPluginManager: Mounting plugin XCodeSourceCodeAccess
LogPluginManager: Mounting plugin AssetManagerEditor
LogPluginManager: Mounting plugin AudioCapture
LogPluginManager: Mounting plugin FacialAnimation
LogPluginManager: Mounting plugin GameplayTagsEditor
LogPluginManager: Mounting plugin MobileLauncherProfileWizard
LogPluginManager: Mounting plugin PluginBrowser
LogPluginManager: Mounting plugin SpeedTreeImporter
LogPluginManager: Mounting plugin AlembicImporter
LogPluginManager: Mounting plugin CharacterAI
LogPluginManager: Mounting plugin HTML5Networking
LogPluginManager: Mounting plugin AndroidMedia
LogPluginManager: Mounting plugin AvfMedia
LogPluginManager: Mounting plugin ImgMedia
LogPluginManager: Mounting plugin MediaCompositing
LogPluginManager: Mounting plugin MediaPlayerEditor
LogPluginManager: Mounting plugin WmfMedia
LogPluginManager: Mounting plugin TcpMessaging
LogPluginManager: Mounting plugin UdpMessaging
LogPluginManager: Mounting plugin ActorSequence
LogPluginManager: Mounting plugin LevelSequenceEditor
LogPluginManager: Mounting plugin MatineeToLevelSequence
LogPluginManager: Mounting plugin OnlineSubsystemGooglePlay
LogPluginManager: Mounting plugin OnlineSubsystemIOS
LogPluginManager: Mounting plugin OnlineSubsystem
LogPluginManager: Mounting plugin OnlineSubsystemNull
LogPluginManager: Mounting plugin OnlineSubsystemUtils
LogPluginManager: Mounting plugin AndroidDeviceProfileSelector
LogPluginManager: Mounting plugin AndroidMoviePlayer
LogPluginManager: Mounting plugin AndroidPermission
LogPluginManager: Mounting plugin AppleARKit
LogPluginManager: Mounting plugin AppleMoviePlayer
LogPluginManager: Mounting plugin ArchVisCharacter
LogPluginManager: Mounting plugin CableComponent
LogPluginManager: Mounting plugin CustomMeshComponent
LogPluginManager: Mounting plugin ExampleDeviceProfileSelector
LogPluginManager: Mounting plugin GoogleCloudMessaging
LogPluginManager: Mounting plugin ImmediatePhysics
LogPluginManager: Mounting plugin IOSDeviceProfileSelector
LogPluginManager: Mounting plugin LinuxDeviceProfileSelector
LogPluginManager: Mounting plugin LocationServicesBPLibrary
LogPluginManager: Mounting plugin MobilePatchingUtils
LogPluginManager: Mounting plugin OculusVR
LogPluginManager: Plugin shader directory ../../../Engine/Plugins/Runtime/Oculus/OculusVR/Shaders found
LogPluginManager: Mapping shader source directory ../../../Engine/Plugins/Runtime/Oculus/OculusVR/Shaders to virtual directory /Plugin/OculusVR
LogPluginManager: Mounting plugin PhysXVehicles
LogPluginManager: Mounting plugin ProceduralMeshComponent
LogPluginManager: Mounting plugin RuntimePhysXCooking
LogPluginManager: Mounting plugin SteamVR
LogPluginManager: Mounting plugin WindowsMoviePlayer
LogModuleManager: Display: Found up-to-date module file ../../../../../../Users/Ryanc/Documents/Unreal Projects/BreachRepo/Breach/Binaries/Win64/UE4Editor-Breach.dll (API version 3709383).
LogModuleManager: Display: Found up-to-date module file ../../../Engine/Plugins/2D/Paper2D/Binaries/Win64/UE4Editor-Paper2D.dll (API version 3709383).
LogModuleManager: Display: Found up-to-date module file ../../../Engine/Plugins/2D/Paper2D/Binaries/Win64/UE4Editor-Paper2DEditor.dll (API version 3709383).
LogModuleManager: Display: Found up-to-date module file ../../../Engine/Plugins/2D/Paper2D/Binaries/Win64/UE4Editor-PaperSpriteSheetImporter.dll (API version 3709383).
LogModuleManager: Display: Found up-to-date module file ../../../Engine/Plugins/2D/Paper2D/Binaries/Win64/UE4Editor-PaperTiledImporter.dll (API version 3709383).
LogModuleManager: Display: Found up-to-date module file ../../../Engine/Plugins/2D/Paper2D/Binaries/Win64/UE4Editor-SmartSnapping.dll (API version 3709383).
LogModuleManager: Display: Found up-to-date module file ../../../Engine/Plugins/Blendables/LightPropagationVolume/Binaries/Win64/UE4Editor-LightPropagationVolumeRuntime.dll (API version 3709383).
LogModuleManager: Display: Found up-to-date module file ../../../Engine/Plugins/Blendables/LightPropagationVolume/Binaries/Win64/UE4Editor-LightPropagationVolumeEditor.dll (API version 3709383).
LogModuleManager: Display: Found up-to-date module file ../../../Engine/Plugins/Developer/GitSourceControl/Binaries/Win64/UE4Editor-GitSourceControl.dll (API version 3709383).
LogModuleManager: Display: Found up-to-date module file ../../../Engine/Plugins/Developer/PerforceSourceControl/Binaries/Win64/UE4Editor-PerforceSourceControl.dll (API version 3709383).
LogModuleManager: Display: Found up-to-date module file ../../../Engine/Plugins/Developer/SubversionSourceControl/Binaries/Win64/UE4Editor-SubversionSourceControl.dll (API version 3709383).
LogModuleManager: Display: Found up-to-date module file ../../../Engine/Plugins/Developer/UObjectPlugin/Binaries/Win64/UE4Editor-UObjectPlugin.dll (API version 3709383).
LogModuleManager: Display: Found up-to-date module file ../../../Engine/Plugins/Developer/VisualStudioCodeSourceCodeAccess/Binaries/Win64/UE4Editor-VisualStudioCodeSourceCodeAccess.dll (API version 3709383).
LogModuleManager: Display: Found up-to-date module file ../../../Engine/Plugins/Developer/VisualStudioSourceCodeAccess/Binaries/Win64/UE4Editor-VisualStudioSourceCodeAccess.dll (API version 3709383).
LogModuleManager: Display: Found up-to-date module file ../../../Engine/Plugins/Editor/AssetManagerEditor/Binaries/Win64/UE4Editor-AssetManagerEditor.dll (API version 3709383).
LogModuleManager: Display: Found up-to-date module file ../../../Engine/Plugins/Editor/AudioCapture/Binaries/Win64/UE4Editor-AudioCapture.dll (API version 3709383).
LogModuleManager: Display: Found up-to-date module file ../../../Engine/Plugins/Editor/FacialAnimation/Binaries/Win64/UE4Editor-FacialAnimation.dll (API version 3709383).
LogModuleManager: Display: Found up-to-date module file ../../../Engine/Plugins/Editor/FacialAnimation/Binaries/Win64/UE4Editor-FacialAnimationEditor.dll (API version 3709383).
LogModuleManager: Display: Found up-to-date module file ../../../Engine/Plugins/Editor/GameplayTagsEditor/Binaries/Win64/UE4Editor-GameplayTagsEditor.dll (API version 3709383).
LogModuleManager: Display: Found up-to-date module file ../../../Engine/Plugins/Editor/MobileLauncherProfileWizard/Binaries/Win64/UE4Editor-MobileLauncherProfileWizard.dll (API version 3709383).
LogModuleManager: Display: Found up-to-date module file ../../../Engine/Plugins/Editor/PluginBrowser/Binaries/Win64/UE4Editor-PluginBrowser.dll (API version 3709383).
LogModuleManager: Display: Found up-to-date module file ../../../Engine/Plugins/Editor/SpeedTreeImporter/Binaries/Win64/UE4Editor-SpeedTreeImporter.dll (API version 3709383).
LogModuleManager: Display: Found up-to-date module file ../../../Engine/Plugins/Experimental/AlembicImporter/Binaries/Win64/UE4Editor-AlembicImporter.dll (API version 3709383).
LogModuleManager: Display: Found up-to-date module file ../../../Engine/Plugins/Experimental/AlembicImporter/Binaries/Win64/UE4Editor-AlembicLibrary.dll (API version 3709383).
LogModuleManager: Display: Found up-to-date module file ../../../Engine/Plugins/Experimental/CharacterAI/Binaries/Win64/UE4Editor-CharacterAI.dll (API version 3709383).
LogModuleManager: Display: Found up-to-date module file ../../../Engine/Plugins/Experimental/HTML5Networking/Binaries/Win64/UE4Editor-HTML5Networking.dll (API version 3709383).
LogModuleManager: Display: Found up-to-date module file ../../../Engine/Plugins/Media/AndroidMedia/Binaries/Win64/UE4Editor-AndroidMediaEditor.dll (API version 3709383).
LogModuleManager: Display: Found up-to-date module file ../../../Engine/Plugins/Media/AndroidMedia/Binaries/Win64/UE4Editor-AndroidMediaFactory.dll (API version 3709383).
LogModuleManager: Display: Found up-to-date module file ../../../Engine/Plugins/Media/AvfMedia/Binaries/Win64/UE4Editor-AvfMediaEditor.dll (API version 3709383).
LogModuleManager: Display: Found up-to-date module file ../../../Engine/Plugins/Media/AvfMedia/Binaries/Win64/UE4Editor-AvfMediaFactory.dll (API version 3709383).
LogModuleManager: Display: Found up-to-date module file ../../../Engine/Plugins/Media/AvfMedia/Binaries/Win64/UE4Editor-AvfMediaFactory.dll (API version 3709383).
LogModuleManager: Display: Found up-to-date module file ../../../Engine/Plugins/Media/ImgMedia/Binaries/Win64/UE4Editor-ImgMedia.dll (API version 3709383).
LogModuleManager: Display: Found up-to-date module file ../../../Engine/Plugins/Media/ImgMedia/Binaries/Win64/UE4Editor-ImgMediaEditor.dll (API version 3709383).
LogModuleManager: Display: Found up-to-date module file ../../../Engine/Plugins/Media/ImgMedia/Binaries/Win64/UE4Editor-ImgMediaFactory.dll (API version 3709383).
LogModuleManager: Display: Found up-to-date module file ../../../Engine/Plugins/Media/ImgMedia/Binaries/Win64/UE4Editor-ImgMediaFactory.dll (API version 3709383).
LogModuleManager: Display: Found up-to-date module file ../../../Engine/Plugins/Media/ImgMedia/Binaries/Win64/UE4Editor-OpenExrWrapper.dll (API version 3709383).
LogModuleManager: Display: Found up-to-date module file ../../../Engine/Plugins/Media/MediaCompositing/Binaries/Win64/UE4Editor-MediaCompositing.dll (API version 3709383).
LogModuleManager: Display: Found up-to-date module file ../../../Engine/Plugins/Media/MediaCompositing/Binaries/Win64/UE4Editor-MediaCompositingEditor.dll (API version 3709383).
LogModuleManager: Display: Found up-to-date module file ../../../Engine/Plugins/Media/MediaPlayerEditor/Binaries/Win64/UE4Editor-MediaPlayerEditor.dll (API version 3709383).
LogModuleManager: Display: Found up-to-date module file ../../../Engine/Plugins/Media/WmfMedia/Binaries/Win64/UE4Editor-WmfMedia.dll (API version 3709383).
LogModuleManager: Display: Found up-to-date module file ../../../Engine/Plugins/Media/WmfMedia/Binaries/Win64/UE4Editor-WmfMediaEditor.dll (API version 3709383).
LogModuleManager: Display: Found up-to-date module file ../../../Engine/Plugins/Media/WmfMedia/Binaries/Win64/UE4Editor-WmfMediaFactory.dll (API version 3709383).
LogModuleManager: Display: Found up-to-date module file ../../../Engine/Plugins/Media/WmfMedia/Binaries/Win64/UE4Editor-WmfMediaFactory.dll (API version 3709383).
LogModuleManager: Display: Found up-to-date module file ../../../Engine/Plugins/Messaging/TcpMessaging/Binaries/Win64/UE4Editor-TcpMessaging.dll (API version 3709383).
LogModuleManager: Display: Found up-to-date module file ../../../Engine/Plugins/Messaging/UdpMessaging/Binaries/Win64/UE4Editor-UdpMessaging.dll (API version 3709383).
LogModuleManager: Display: Found up-to-date module file ../../../Engine/Plugins/MovieScene/ActorSequence/Binaries/Win64/UE4Editor-ActorSequence.dll (API version 3709383).
LogModuleManager: Display: Found up-to-date module file ../../../Engine/Plugins/MovieScene/LevelSequenceEditor/Binaries/Win64/UE4Editor-LevelSequenceEditor.dll (API version 3709383).
LogModuleManager: Display: Found up-to-date module file ../../../Engine/Plugins/MovieScene/MatineeToLevelSequence/Binaries/Win64/UE4Editor-MatineeToLevelSequence.dll (API version 3709383).
LogModuleManager: Display: Found up-to-date module file ../../../Engine/Plugins/Online/OnlineSubsystem/Binaries/Win64/UE4Editor-OnlineSubsystem.dll (API version 3709383).
LogModuleManager: Display: Found up-to-date module file ../../../Engine/Plugins/Online/OnlineSubsystemNull/Binaries/Win64/UE4Editor-OnlineSubsystemNull.dll (API version 3709383).
LogModuleManager: Display: Found up-to-date module file ../../../Engine/Plugins/Online/OnlineSubsystemUtils/Binaries/Win64/UE4Editor-OnlineSubsystemUtils.dll (API version 3709383).
LogModuleManager: Display: Found up-to-date module file ../../../Engine/Plugins/Online/OnlineSubsystemUtils/Binaries/Win64/UE4Editor-OnlineBlueprintSupport.dll (API version 3709383).
LogModuleManager: Display: Found up-to-date module file ../../../Engine/Plugins/Runtime/AndroidDeviceProfileSelector/Binaries/Win64/UE4Editor-AndroidDeviceProfileSelector.dll (API version 3709383).
LogModuleManager: Display: Found up-to-date module file ../../../Engine/Plugins/Runtime/AndroidPermission/Binaries/Win64/UE4Editor-AndroidPermission.dll (API version 3709383).
LogModuleManager: Display: Found up-to-date module file ../../../Engine/Plugins/Runtime/AppleARKit/Binaries/Win64/UE4Editor-AppleARKit.dll (API version 3709383).
LogModuleManager: Display: Found up-to-date module file ../../../Engine/Plugins/Runtime/ArchVisCharacter/Binaries/Win64/UE4Editor-ArchVisCharacter.dll (API version 3709383).
LogModuleManager: Display: Found up-to-date module file ../../../Engine/Plugins/Runtime/CableComponent/Binaries/Win64/UE4Editor-CableComponent.dll (API version 3709383).
LogModuleManager: Display: Found up-to-date module file ../../../Engine/Plugins/Runtime/CustomMeshComponent/Binaries/Win64/UE4Editor-CustomMeshComponent.dll (API version 3709383).
LogModuleManager: Display: Found up-to-date module file ../../../Engine/Plugins/Runtime/ExampleDeviceProfileSelector/Binaries/Win64/UE4Editor-ExampleDeviceProfileSelector.dll (API version 3709383).
LogModuleManager: Display: Found up-to-date module file ../../../Engine/Plugins/Runtime/ImmediatePhysics/Binaries/Win64/UE4Editor-ImmediatePhysics.dll (API version 3709383).
LogModuleManager: Display: Found up-to-date module file ../../../Engine/Plugins/Runtime/ImmediatePhysics/Binaries/Win64/UE4Editor-ImmediatePhysicsEditor.dll (API version 3709383).
LogModuleManager: Display: Found up-to-date module file ../../../Engine/Plugins/Runtime/LocationServicesBPLibrary/Binaries/Win64/UE4Editor-LocationServicesBPLibrary.dll (API version 3709383).
LogModuleManager: Display: Found up-to-date module file ../../../Engine/Plugins/Runtime/MobilePatchingUtils/Binaries/Win64/UE4Editor-MobilePatchingUtils.dll (API version 3709383).
LogModuleManager: Display: Found up-to-date module file ../../../Engine/Plugins/Runtime/Oculus/OculusVR/Binaries/Win64/UE4Editor-OculusHMD.dll (API version 3709383).
LogModuleManager: Display: Found up-to-date module file ../../../Engine/Plugins/Runtime/Oculus/OculusVR/Binaries/Win64/UE4Editor-OculusInput.dll (API version 3709383).
LogModuleManager: Display: Found up-to-date module file ../../../Engine/Plugins/Runtime/Oculus/OculusVR/Binaries/Win64/UE4Editor-OculusEditor.dll (API version 3709383).
LogModuleManager: Display: Found up-to-date module file ../../../Engine/Plugins/Runtime/PhysXVehicles/Binaries/Win64/UE4Editor-PhysXVehicles.dll (API version 3709383).
LogModuleManager: Display: Found up-to-date module file ../../../Engine/Plugins/Runtime/PhysXVehicles/Binaries/Win64/UE4Editor-PhysXVehiclesEditor.dll (API version 3709383).
LogModuleManager: Display: Found up-to-date module file ../../../Engine/Plugins/Runtime/ProceduralMeshComponent/Binaries/Win64/UE4Editor-ProceduralMeshComponent.dll (API version 3709383).
LogModuleManager: Display: Found up-to-date module file ../../../Engine/Plugins/Runtime/ProceduralMeshComponent/Binaries/Win64/UE4Editor-ProceduralMeshComponentEditor.dll (API version 3709383).
LogModuleManager: Display: Found up-to-date module file ../../../Engine/Plugins/Runtime/RuntimePhysXCooking/Binaries/Win64/UE4Editor-RuntimePhysXCooking.dll (API version 3709383).
LogModuleManager: Display: Found up-to-date module file ../../../Engine/Plugins/Runtime/Steam/SteamVR/Binaries/Win64/UE4Editor-SteamVR.dll (API version 3709383).
LogModuleManager: Display: Found up-to-date module file ../../../Engine/Plugins/Runtime/Steam/SteamVR/Binaries/Win64/UE4Editor-SteamVRController.dll (API version 3709383).
LogModuleManager: Display: Found up-to-date module file ../../../Engine/Plugins/Runtime/WindowsMoviePlayer/Binaries/Win64/UE4Editor-WindowsMoviePlayer.dll (API version 3709383).
LogInit: Using libcurl 7.47.1
LogInit:  - built for x86_64-pc-win32
LogInit:  - supports SSL with OpenSSL/1.0.2g
LogInit:  - supports HTTP deflate (compression) using libz 1.2.8
LogInit:  - other features:
LogInit:      CURL_VERSION_SSL
LogInit:      CURL_VERSION_LIBZ
LogInit:      CURL_VERSION_IPV6
LogInit:      CURL_VERSION_ASYNCHDNS
LogInit:      CURL_VERSION_LARGEFILE
LogInit:      CURL_VERSION_IDN
LogInit:  CurlRequestOptions (configurable via config and command line):
LogInit:  - bVerifyPeer = false  - Libcurl will NOT verify peer certificate
LogInit:  - bUseHttpProxy = false  - Libcurl will NOT use HTTP proxy
LogInit:  - bDontReuseConnections = false  - Libcurl will reuse connections
LogInit:  - CertBundlePath = nullptr  - Libcurl will use whatever was configured at build time.
LogInit: Build: ++UE4+Release-4.18-CL-3832480
LogInit: Engine Version: 4.18.3-3832480+++UE4+Release-4.18
LogInit: Compatible Engine Version: 4.18.0-3709383+++UE4+Release-4.18
LogInit: Net CL: 3709383
LogDevObjectVersion: Number of dev versions registered: 16
LogDevObjectVersion:   Dev-Blueprints (B0D832E4-1F89-4F0D-ACCF-7EB736FD4AA2): 10
LogDevObjectVersion:   Dev-Build (E1C64328-A22C-4D53-A36C-8E866417BD8C): 0
LogDevObjectVersion:   Dev-Core (375EC13C-06E4-48FB-B500-84F0262A717E): 2
LogDevObjectVersion:   Dev-Editor (E4B068ED-F494-42E9-A231-DA0B2E46BB41): 20
LogDevObjectVersion:   Dev-Framework (CFFC743F-43B0-4480-9391-14DF171D2073): 30
LogDevObjectVersion:   Dev-Mobile (B02B49B5-BB20-44E9-A304-32B752E40360): 0
LogDevObjectVersion:   Dev-Networking (A4E4105C-59A1-49B5-A7C5-40C4547EDFEE): 0
LogDevObjectVersion:   Dev-Online (39C831C9-5AE6-47DC-9A44-9C173E1C8E7C): 0
LogDevObjectVersion:   Dev-Physics (78F01B33-EBEA-4F98-B9B4-84EACCB95AA2): 0
LogDevObjectVersion:   Dev-Platform (6631380F-2D4D-43E0-8009-CF276956A95A): 0
LogDevObjectVersion:   Dev-Rendering (12F88B9F-8875-4AFC-A67C-D90C383ABD29): 20
LogDevObjectVersion:   Dev-Sequencer (7B5AE74C-D270-4C10-A958-57980B212A5A): 4
LogDevObjectVersion:   Dev-VR (D7296918-1DD6-4BDD-9DE2-64A83CC13884): 0
LogDevObjectVersion:   Dev-LoadTimes (C2A15278-BFE7-4AFE-6C17-90FF531DF755): 1
LogDevObjectVersion:   Private-Geometry (6EACA3D4-40EC-4CC1-B786-8BED09428FC5): 1
LogDevObjectVersion:   Dev-AnimPhys (29E575DD-E0A3-4627-9D10-D276232CDCEA): 12
LogInit: Compiled (64-bit): Jan 12 2018 02:04:55
LogInit: Compiled with Visual C++: 19.00.24215.01
LogInit: Build Configuration: Development
LogInit: Branch Name: ++UE4+Release-4.18
LogInit: Command line:  -skipcompile
LogInit: Base directory: C:/Program Files/Epic Games/UE_4.18/Engine/Binaries/Win64/
LogInit: Installed Engine Build: 1
LogInit: Presizing for max 8388607 objects, including 0 objects not considered by GC, pre-allocating 0 bytes for permanent pool.
LogInit: Object subsystem initialized
[2019.01.27-07.46.20:104][  0]LogInit: Selected Device Profile: [Windows]
[2019.01.27-07.46.20:104][  0]LogInit: Applying CVar settings loaded from the selected device profile: [Windows]
[2019.01.27-07.46.20:117][  0]LogInit: Computer: DESKTOP-PQPAGDU
[2019.01.27-07.46.20:117][  0]LogInit: User: Ryanc
[2019.01.27-07.46.20:117][  0]LogInit: CPU Page size=4096, Cores=4
[2019.01.27-07.46.20:117][  0]LogInit: High frequency timer resolution =3.417973 MHz
[2019.01.27-07.46.20:117][  0]LogMemory: Memory total: Physical=15.9GB (16GB approx)
[2019.01.27-07.46.20:117][  0]LogMemory: Platform Memory Stats for Windows
[2019.01.27-07.46.20:117][  0]LogMemory: Process Physical Memory: 273.60 MB used, 273.60 MB peak
[2019.01.27-07.46.20:117][  0]LogMemory: Process Virtual Memory: 279.82 MB used, 279.82 MB peak
[2019.01.27-07.46.20:117][  0]LogMemory: Physical Memory: 5648.18 MB used,  10678.50 MB free, 16326.68 MB total
[2019.01.27-07.46.20:117][  0]LogMemory: Virtual Memory: 4789.66 MB used,  10678.50 MB free, 134217728.00 MB total
[2019.01.27-07.46.20:447][  0]LogInit: Using OS detected language (en-US).
[2019.01.27-07.46.20:447][  0]LogInit: Using OS detected locale (en-US).
[2019.01.27-07.46.20:452][  0]LogTextLocalizationManager: No specific localization for 'en-US' exists, so the 'en' localization will be used.
[2019.01.27-07.46.20:829][  0]LogInit: Setting process to per monitor DPI aware
[2019.01.27-07.46.21:155][  0]LogD3D11RHI: D3D11 adapters:
[2019.01.27-07.46.21:235][  0]LogD3D11RHI:    0. 'NVIDIA GeForce GTX 1070' (Feature Level 11_0)
[2019.01.27-07.46.21:236][  0]LogD3D11RHI:       8088/0/8163 MB DedicatedVideo/DedicatedSystem/SharedSystem, Outputs:1, VendorId:0x10de
[2019.01.27-07.46.21:243][  0]LogD3D11RHI:    1. 'Microsoft Basic Render Driver' (Feature Level 11_0)
[2019.01.27-07.46.21:243][  0]LogD3D11RHI:       0/0/8163 MB DedicatedVideo/DedicatedSystem/SharedSystem, Outputs:0, VendorId:0x1414
[2019.01.27-07.46.21:243][  0]LogD3D11RHI: Chosen D3D11 Adapter: 0
[2019.01.27-07.46.21:251][  0]LogD3D11RHI: Creating new Direct3DDevice
[2019.01.27-07.46.21:251][  0]LogD3D11RHI:     GPU DeviceId: 0x1b81 (for the marketing name, search the web for "GPU Device Id")
[2019.01.27-07.46.21:251][  0]LogWindows: EnumDisplayDevices:
[2019.01.27-07.46.21:252][  0]LogWindows:    0. 'NVIDIA GeForce GTX 1070' (P:1 D:1)
[2019.01.27-07.46.21:252][  0]LogWindows:    1. 'NVIDIA GeForce GTX 1070' (P:0 D:0)
[2019.01.27-07.46.21:252][  0]LogWindows:    2. 'NVIDIA GeForce GTX 1070' (P:0 D:0)
[2019.01.27-07.46.21:252][  0]LogWindows:    3. 'NVIDIA GeForce GTX 1070' (P:0 D:0)
[2019.01.27-07.46.21:253][  0]LogWindows: DebugString: GetVideoDriverDetailsInvalid PrimaryIsNotTheChoosenAdapter GetVideoDriverDetailsInvalid PrimaryIsNotTheChoosenAdapter GetVideoDriverDetailsInvalid PrimaryIsNotTheChoosenAdapter GetVideoDriverDetailsInvalid PrimaryIsNotTheChoosenAdapter FoundDriverCount:0 
[2019.01.27-07.46.21:253][  0]LogD3D11RHI:     Adapter Name: NVIDIA GeForce GTX 1070
[2019.01.27-07.46.21:253][  0]LogD3D11RHI:   Driver Version: Unknown (internal:Unknown, unified:Unknown)
[2019.01.27-07.46.21:253][  0]LogD3D11RHI:      Driver Date: Unknown
[2019.01.27-07.46.21:253][  0]LogRHI: Texture pool is 5661 MB (70% of 8088 MB)
[2019.01.27-07.46.21:306][  0]LogD3D11RHI: Async texture creation enabled
[2019.01.27-07.46.21:337][  0]LogD3D11RHI: GPU Timing Frequency: 1000.000000 (Debug: 2 2)
[2019.01.27-07.46.21:386][  0]LogShaderCompilers: Guid format shader working directory is -28 characters bigger than the processId version (../../../../../../Users/Ryanc/Documents/Unreal Projects/BreachRepo/Breach/Intermediate/Shaders/WorkingDirectory/13496/).
[2019.01.27-07.46.21:386][  0]LogShaderCompilers: Cleaned the shader compiler working directory 'C:/Users/Ryanc/AppData/Local/Temp/UnrealShaderWorkingDir/E5B4D0E242303297A6ABBEB0D2419B4B/'.
[2019.01.27-07.46.21:387][  0]LogShaderCompilers: Display: Using Local Shader Compiler.
[2019.01.27-07.46.22:616][  0]LogTemp: Display: Loaded TP AllDesktopTargetPlatform
[2019.01.27-07.46.22:724][  0]LogTemp: Display: Loaded TP MacClientTargetPlatform
[2019.01.27-07.46.22:825][  0]LogTemp: Display: Loaded TP MacNoEditorTargetPlatform
[2019.01.27-07.46.22:938][  0]LogTemp: Display: Loaded TP MacServerTargetPlatform
[2019.01.27-07.46.23:042][  0]LogTemp: Display: Loaded TP MacTargetPlatform
[2019.01.27-07.46.23:144][  0]LogTemp: Display: Loaded TP WindowsClientTargetPlatform
[2019.01.27-07.46.23:243][  0]LogTemp: Display: Loaded TP WindowsNoEditorTargetPlatform
[2019.01.27-07.46.23:343][  0]LogTemp: Display: Loaded TP WindowsServerTargetPlatform
[2019.01.27-07.46.23:436][  0]LogTemp: Display: Loaded TP WindowsTargetPlatform
[2019.01.27-07.46.23:532][  0]LogTemp: Display: Loaded TP Android_ASTCTargetPlatform
[2019.01.27-07.46.23:631][  0]LogTemp: Display: Loaded TP Android_ATCTargetPlatform
[2019.01.27-07.46.23:725][  0]LogTemp: Display: Loaded TP Android_DXTTargetPlatform
[2019.01.27-07.46.23:829][  0]LogTemp: Display: Loaded TP Android_ETC1TargetPlatform
[2019.01.27-07.46.23:934][  0]LogTemp: Display: Loaded TP Android_ETC2TargetPlatform
[2019.01.27-07.46.24:150][  0]LogTemp: Display: Loaded TP Android_MultiTargetPlatform
[2019.01.27-07.46.24:150][  0]LogTemp: Display: Loaded TP Android_PVRTCTargetPlatform
[2019.01.27-07.46.24:262][  0]LogTemp: Display: Loaded TP AndroidTargetPlatform
[2019.01.27-07.46.24:364][  0]LogTemp: Display: Loaded TP HTML5TargetPlatform
[2019.01.27-07.46.24:543][  0]LogTemp: Display: Loaded TP IOSTargetPlatform
[2019.01.27-07.46.24:590][  0]LogTemp: Display: Loaded TP TVOSTargetPlatform
[2019.01.27-07.46.24:690][  0]LogTemp: Display: Loaded TP LinuxClientTargetPlatform
[2019.01.27-07.46.24:793][  0]LogTemp: Display: Loaded TP LinuxNoEditorTargetPlatform
[2019.01.27-07.46.24:888][  0]LogTemp: Display: Loaded TP LinuxServerTargetPlatform
[2019.01.27-07.46.24:983][  0]LogTemp: Display: Loaded TP LinuxTargetPlatform
[2019.01.27-07.46.24:983][  0]LogTargetPlatformManager: Display: Building Assets For Windows
[2019.01.27-07.46.26:084][  0]LogDerivedDataCache: Display: Max Cache Size: 512 MB
[2019.01.27-07.46.26:185][  0]LogDerivedDataCache: Loaded boot cache 0.10s 83MB C:/Users/Ryanc/AppData/Local/UnrealEngine/4.18/DerivedDataCache/Boot.ddc.
[2019.01.27-07.46.26:185][  0]LogDerivedDataCache: Display: Loaded Boot cache: C:/Users/Ryanc/AppData/Local/UnrealEngine/4.18/DerivedDataCache/Boot.ddc
[2019.01.27-07.46.26:186][  0]LogDerivedDataCache: FDerivedDataBackendGraph:  Pak pak cache file ../../../../../../Users/Ryanc/Documents/Unreal Projects/BreachRepo/Breach/DerivedDataCache/DDC.ddp not found, will not use a pak cache.
[2019.01.27-07.46.26:186][  0]LogDerivedDataCache: Unable to find inner node Pak for hierarchical cache Hierarchy.
[2019.01.27-07.46.26:186][  0]LogDerivedDataCache: FDerivedDataBackendGraph:  CompressedPak pak cache file ../../../../../../Users/Ryanc/Documents/Unreal Projects/BreachRepo/Breach/DerivedDataCache/Compressed.ddp not found, will not use a pak cache.
[2019.01.27-07.46.26:186][  0]LogDerivedDataCache: Unable to find inner node CompressedPak for hierarchical cache Hierarchy.
[2019.01.27-07.46.26:201][  0]LogDerivedDataCache: Display: Pak cache opened for reading ../../../Engine/DerivedDataCache/Compressed.ddp.
[2019.01.27-07.46.26:214][  0]LogDerivedDataCache: Using Local data cache path C:/Users/Ryanc/AppData/Local/UnrealEngine/Common/DerivedDataCache: Writable
[2019.01.27-07.46.26:224][  0]LogMaterial: Verifying Global Shaders for PCD3D_SM5
[2019.01.27-07.46.26:224][  0]LogSlate: Using Freetype 2.6.0
[2019.01.27-07.46.26:225][  0]LogSlate: SlateFontCache - WITH_FREETYPE: 1, WITH_HARFBUZZ: 1
[2019.01.27-07.46.26:225][  0]LogSlate: SlateFontCache - WITH_FREETYPE: 1, WITH_HARFBUZZ: 1
[2019.01.27-07.46.26:636][  0]LogInit: Selected Device Profile: [Windows]
[2019.01.27-07.46.27:312][  0]LogSimplygon: Simplygon DLL not present - disabling.
[2019.01.27-07.46.27:406][  0]LogMeshReduction: Using SimplygonSwarm for distributed automatic mesh merging
[2019.01.27-07.46.27:406][  0]LogMeshReduction: Using QuadricMeshReduction for automatic static mesh reduction
[2019.01.27-07.46.27:406][  0]LogMeshReduction: No automatic skeletal mesh reduction module available
[2019.01.27-07.46.27:406][  0]LogMeshReduction: No automatic mesh merging module available
[2019.01.27-07.46.27:406][  0]LogMeshMerging: No automatic mesh merging module available
[2019.01.27-07.46.27:455][  0]LogNetVersion: Breach , NetCL: 3709383, EngineNetVer: 2, GameNetVer: 0 (Checksum: 2924493875)
[2019.01.27-07.46.27:714][  0]LogAssetRegistry: FAssetRegistry took 0.0284 seconds to start up
[2019.01.27-07.46.28:403][  0]LogPackageLocalizationCache: Processed 7 localized package path(s) for 2 prioritized culture(s) in 0.076219 seconds
[2019.01.27-07.46.28:408][  0]LogUObjectArray: 35870 objects as part of root set at end of initial load.
[2019.01.27-07.46.28:408][  0]LogUObjectAllocator: 7363696 out of 0 bytes used by permanent object pool.
[2019.01.27-07.46.28:408][  0]LogUObjectArray: CloseDisregardForGC: 0/0 objects in disregard for GC pool
[2019.01.27-07.46.28:532][  0]LogInit: WinSock: version 1.1 (2.2), MaxSocks=32767, MaxUdp=65467
[2019.01.27-07.46.33:436][  0]LogTcpMessaging: Initializing TcpMessaging bridge
[2019.01.27-07.46.33:520][  0]LogUdpMessaging: Initializing bridge on interface 0.0.0.0:0 to multicast group 230.0.0.1:6666.
[2019.01.27-07.46.36:180][  0]LogMaterial: Uniform references updated for custom material expression Custom.
[2019.01.27-07.46.37:009][  0]SourceControl: Source control is disabled
[2019.01.27-07.46.37:009][  0]SourceControl: Source control is disabled
[2019.01.27-07.46.37:129][  0]SourceControl: Source control is disabled
[2019.01.27-07.46.37:254][  0]SourceControl: Source control is disabled
[2019.01.27-07.46.39:103][  0]LogAndroidPermission: UAndroidPermissionCallbackProxy::GetInstance
[2019.01.27-07.46.39:738][  0]LogOcInput: OculusInput pre-init called
[2019.01.27-07.46.40:311][  0]LogEngine: Initializing Engine...
[2019.01.27-07.46.40:314][  0]LogHMD: Failed to initialize OpenVR with code 110
[2019.01.27-07.46.40:533][  0]LogStats: UGameplayTagsManager::ConstructGameplayTagTree: Construct from data asset -  0.000 s
[2019.01.27-07.46.40:533][  0]LogStats: UGameplayTagsManager::ConstructGameplayTagTree: GameplayTagTreeChangedEvent.Broadcast -  0.000 s
[2019.01.27-07.46.40:825][  0]LogAIModule: Creating AISystem for world Untitled
[2019.01.27-07.46.40:863][  0]LogInit: XAudio2 using 'Speakers (2- Logitech G35 Gaming Headset)' : 6 channels at 44.1 kHz using 16 bits per sample (channel mask 0x3f)
[2019.01.27-07.46.40:901][  0]LogInit: FAudioDevice initialized.
[2019.01.27-07.46.42:088][  0]LogDerivedDataCache: Saved boot cache 1.19s 83MB C:/Users/Ryanc/AppData/Local/UnrealEngine/4.18/DerivedDataCache/Boot.ddc.
[2019.01.27-07.46.42:116][  0]LogInit: Texture streaming: Enabled
[2019.01.27-07.46.42:368][  0]LogEngineSessionManager: EngineSessionManager initialized
[2019.01.27-07.46.42:645][  0]LogInit: Transaction tracking system initialized
[2019.01.27-07.46.43:346][  0]BlueprintLog: New page: Editor Load
[2019.01.27-07.46.45:477][  0]LocalizationService: Localization service is disabled
[2019.01.27-07.46.46:612][  0]LogLinker: Warning: Can't find file '/Game/TwinStickBP/TwinStickOverview'
[2019.01.27-07.46.46:612][  0]LogLinker: Warning: Can't find file '/Game/TwinStickBP/TwinStickOverview'
[2019.01.27-07.46.46:612][  0]LogUObjectGlobals: Warning: Failed to find object 'Class /Game/TwinStickBP/TwinStickOverview.TwinStickOverview_C'
[2019.01.27-07.46.47:071][  0]LogConsoleResponse: Display: 
[2019.01.27-07.46.47:338][  0]LogCook: Display: Max memory allowance for cook 16384mb min free memory 0mb
[2019.01.27-07.46.47:338][  0]LogCook: Display: Mobile HDR setting 1
[2019.01.27-07.46.47:338][  0]LogGameplayTags: Display: UGameplayTagsManager::DoneAddingNativeTags. DelegateIsBound: 0
[2019.01.27-07.46.47:724][  0]LogFileCache: Scanning file cache for directory 'C:/Users/Ryanc/Documents/Unreal Projects/BreachRepo/Breach/Content/' took 0.04s
[2019.01.27-07.46.50:204][  0]SourceControl: Source control is disabled
[2019.01.27-07.46.50:205][  0]Cmd: MAP LOAD FILE="../../../../../../Users/Ryanc/Documents/Unreal Projects/BreachRepo/Breach/Content/Maps/Level_1Map_1.umap" TEMPLATE=0 SHOWPROGRESS=1 FEATURELEVEL=3
[2019.01.27-07.46.50:206][  0]LightingResults: New page: Lighting Build
[2019.01.27-07.46.50:302][  0]MapCheck: New page: Map Check
[2019.01.27-07.46.50:302][  0]LightingResults: New page: Lighting Build
[2019.01.27-07.46.51:655][  0]LogAIModule: Creating AISystem for world Level_1Map_1
[2019.01.27-07.46.51:679][  0]LogEditorServer: Finished looking for orphan Actors (0.000 secs)
[2019.01.27-07.46.51:705][  0]Cmd: MAP CHECKDEP NOCLEARLOG
[2019.01.27-07.46.51:853][  0]MapCheck: Map check complete: 0 Error(s), 0 Warning(s), took 148.305ms to complete.
[2019.01.27-07.46.51:853][  0]LogFileHelpers: Loading map 'Level_1Map_1' took 1.648
[2019.01.27-07.46.52:028][  0]LogCollectionManager: Loaded 0 collections in 0.003923 seconds
[2019.01.27-07.46.52:159][  0]LogFileCache: Scanning file cache for directory 'C:/Users/Ryanc/Documents/Unreal Projects/BreachRepo/Breach/Saved/Collections/' took 0.01s
[2019.01.27-07.46.52:159][  0]LogFileCache: Scanning file cache for directory 'C:/Users/Ryanc/Documents/Unreal Projects/BreachRepo/Breach/Content/Developers/Ryanc/Collections/' took 0.01s
[2019.01.27-07.46.52:159][  0]LogFileCache: Scanning file cache for directory 'C:/Users/Ryanc/Documents/Unreal Projects/BreachRepo/Breach/Content/Collections/' took 0.01s
[2019.01.27-07.46.52:159][  0]LogCollectionManager: Rebuilt the GUID cache for 0 collections in 0.000000 seconds
[2019.01.27-07.46.52:168][  0]LogContentBrowser: Native class hierarchy populated in 0.0089 seconds. Added 2378 classes and 521 folders.
[2019.01.27-07.46.52:307][  0]LogContentBrowser: Native class hierarchy updated for 'WidgetCarousel' in 0.0014 seconds. Added 0 classes and 0 folders.
[2019.01.27-07.46.52:384][  0]LogContentBrowser: Native class hierarchy updated for 'AddContentDialog' in 0.0015 seconds. Added 0 classes and 0 folders.
[2019.01.27-07.46.52:474][  0]LogContentBrowser: Native class hierarchy updated for 'SceneOutliner' in 0.0015 seconds. Added 1 classes and 2 folders.
[2019.01.27-07.46.52:571][  0]LogContentBrowser: Native class hierarchy updated for 'WorldBrowser' in 0.0016 seconds. Added 2 classes and 3 folders.
[2019.01.27-07.46.52:691][  0]LogSlate: Took 0.000257 seconds to synchronously load lazily loaded font '../../../Engine/Content/Slate/Fonts/Roboto-Regular.ttf' (155K)
[2019.01.27-07.46.52:692][  0]LogSlate: Took 0.000208 seconds to synchronously load lazily loaded font '../../../Engine/Content/Slate/Fonts/Roboto-Bold.ttf' (160K)
[2019.01.27-07.46.52:697][  0]LogSlate: Took 0.000257 seconds to synchronously load lazily loaded font '../../../Engine/Content/Editor/Slate/Fonts/FontAwesome.ttf' (139K)
[2019.01.27-07.46.52:800][  0]LogRenderer: Reallocating scene render targets to support 1052x520 Format 10 NumSamples 1 (Frame:1).
[2019.01.27-07.46.53:008][  0]LogContentBrowser: Native class hierarchy updated for 'HierarchicalLODOutliner' in 0.0015 seconds. Added 1 classes and 2 folders.
[2019.01.27-07.46.53:009][  0]LogLoad: (Engine Initialization) Total time: 39.42 seconds
[2019.01.27-07.46.53:009][  0]LogLoad: (Engine Initialization) Total Blueprint compile time: 0.00 seconds
[2019.01.27-07.46.53:009][  0]LogExternalProfiler: Found external profiler: VSPerf
[2019.01.27-07.46.53:009][  0]LogExternalProfiler: Using external profiler: VSPerf
[2019.01.27-07.46.53:019][  0]LogWindowsTextInputMethodSystem: Display: IME system now deactivated.
[2019.01.27-07.46.53:040][  0]LogContentStreaming: Texture pool size now 1000 MB
[2019.01.27-07.46.53:082][  0]LogRenderer: Reallocating scene render targets to support 1052x536 Format 10 NumSamples 1 (Frame:2).
[2019.01.27-07.46.53:128][  0]LogSlate: Took 0.000217 seconds to synchronously load lazily loaded font '../../../Engine/Content/Slate/Fonts/Roboto-Light.ttf' (159K)
[2019.01.27-07.46.53:153][  1]LogAssetRegistry: Asset discovery search completed in 25.4643 seconds
[2019.01.27-07.46.53:157][  1]LogCollectionManager: Rebuilt the object cache for 0 collections in 0.000000 seconds (found 0 objects)
[2019.01.27-07.46.53:157][  1]LogCollectionManager: Fixed up redirectors for 0 collections in 0.000413 seconds (updated 0 objects)
[2019.01.27-07.46.55:346][237]LogTemp: Repeating last play command: Selected Viewport
[2019.01.27-07.46.55:472][237]LogBlueprintUserMessages: Early PlayInEditor Detection: Level '/Game/Maps/Level_1Map_1.Level_1Map_1:PersistentLevel' has LevelScriptBlueprint '/Game/Maps/Level_1Map_1.Level_1Map_1:PersistentLevel.Level_1Map_1' with GeneratedClass '/Game/Maps/Level_1Map_1.Level_1Map_1_C' with ClassGeneratedBy '/Game/Maps/Level_1Map_1.Level_1Map_1:PersistentLevel.Level_1Map_1'
[2019.01.27-07.46.55:473][237]LogPlayLevel: PlayLevel: No blueprints needed recompiling
[2019.01.27-07.46.55:473][237]PIE: New page: PIE session: Level_1Map_1 (Jan 26, 2019, 3:46:55 PM)
[2019.01.27-07.46.55:477][237]LogPlayLevel: Creating play world package: /Game/Maps/UEDPIE_0_Level_1Map_1
[2019.01.27-07.46.55:511][237]LogPlayLevel: PIE: StaticDuplicateObject took: (0.034072s)
[2019.01.27-07.46.55:512][237]LogAIModule: Creating AISystem for world Level_1Map_1
[2019.01.27-07.46.55:512][237]LogPlayLevel: PIE: World Init took: (0.000772s)
[2019.01.27-07.46.55:512][237]LogPlayLevel: PIE: Created PIE world by copying editor world from /Game/Maps/Level_1Map_1.Level_1Map_1 to /Game/Maps/UEDPIE_0_Level_1Map_1.Level_1Map_1 (0.035453s)
[2019.01.27-07.46.55:549][237]LogInit: XAudio2 using 'Speakers (2- Logitech G35 Gaming Headset)' : 6 channels at 44.1 kHz using 16 bits per sample (channel mask 0x3f)
[2019.01.27-07.46.55:571][237]LogInit: FAudioDevice initialized.
[2019.01.27-07.46.55:617][237]LogLoad: Game class is 'CPP_FirstPersonGameMode'
[2019.01.27-07.46.55:622][237]LogWorld: Bringing World /Game/Maps/UEDPIE_0_Level_1Map_1.Level_1Map_1 up for play (max tick rate 0) at 2019.01.26-23.46.55
[2019.01.27-07.46.55:623][237]LogWorld: Bringing up level for play took: 0.004409
[2019.01.27-07.46.55:710][237]LogContentBrowser: Native class hierarchy updated for 'MovieSceneCapture' in 0.0017 seconds. Added 11 classes and 0 folders.
[2019.01.27-07.46.55:711][237]LogSkeletalMesh: USkeletalMeshComponent::InitArticulated : Could not find root physics body: '/Game/Maps/UEDPIE_0_Level_1Map_1.Level_1Map_1:PersistentLevel.FirstPersonCharacter_C_0.Mesh2P'
[2019.01.27-07.46.55:713][237]PIE: Play in editor start time for /Game/Maps/UEDPIE_0_Level_1Map_1 0.573
[2019.01.27-07.46.55:714][237]LogBlueprintUserMessages: Late PlayInEditor Detection: Level '/Game/Maps/Level_1Map_1.Level_1Map_1:PersistentLevel' has LevelScriptBlueprint '/Game/Maps/Level_1Map_1.Level_1Map_1:PersistentLevel.Level_1Map_1' with GeneratedClass '/Game/Maps/Level_1Map_1.Level_1Map_1_C' with ClassGeneratedBy '/Game/Maps/Level_1Map_1.Level_1Map_1:PersistentLevel.Level_1Map_1'
[2019.01.27-07.47.03:176][103]LogBlueprintUserMessages: Early EndPlayMap Detection: Level '/Game/Maps/Level_1Map_1.Level_1Map_1:PersistentLevel' has LevelScriptBlueprint '/Game/Maps/Level_1Map_1.Level_1Map_1:PersistentLevel.Level_1Map_1' with GeneratedClass '/Game/Maps/Level_1Map_1.Level_1Map_1_C' with ClassGeneratedBy '/Game/Maps/Level_1Map_1.Level_1Map_1:PersistentLevel.Level_1Map_1'
[2019.01.27-07.47.03:218][103]LogBlueprintUserMessages: Late EndPlayMap Detection: Level '/Game/Maps/Level_1Map_1.Level_1Map_1:PersistentLevel' has LevelScriptBlueprint '/Game/Maps/Level_1Map_1.Level_1Map_1:PersistentLevel.Level_1Map_1' with GeneratedClass '/Game/Maps/Level_1Map_1.Level_1Map_1_C' with ClassGeneratedBy '/Game/Maps/Level_1Map_1.Level_1Map_1:PersistentLevel.Level_1Map_1'
[2019.01.27-07.47.21:479][252]LogSlate: Took 0.000228 seconds to synchronously load lazily loaded font '../../../Engine/Content/Slate/Fonts/Roboto-Light.ttf' (159K)
[2019.01.27-07.47.21:780][252]LogContentBrowser: Native class hierarchy updated for 'BlueprintGraph' in 0.0019 seconds. Added 116 classes and 0 folders.
[2019.01.27-07.47.22:356][252]LogSlate: Took 0.000219 seconds to synchronously load lazily loaded font '../../../Engine/Content/Slate/Fonts/Roboto-Regular.ttf' (155K)
[2019.01.27-07.47.22:414][252]LogSlate: Took 0.000236 seconds to synchronously load lazily loaded font '../../../Engine/Content/Editor/Slate/Fonts/Roboto-BoldCondensed.ttf' (158K)
[2019.01.27-07.47.25:975][608]LogSlate: Took 0.000240 seconds to synchronously load lazily loaded font '../../../Engine/Content/Editor/Slate/Fonts/Roboto-Italic.ttf' (157K)
[2019.01.27-07.47.28:332][889]BlueprintLog: New page: Compile FirstPersonHUD
[2019.01.27-07.47.29:124][946]LogSavePackage: Save=39.81ms
[2019.01.27-07.47.29:124][946]LogSavePackage: Moving '../../../../../../Users/Ryanc/Documents/Unreal Projects/BreachRepo/Breach/Saved/FirstPersonHUD81BAF6BD4BC3F0AC4EE79DB6F68C41CC.tmp' to '../../../../../../Users/Ryanc/Documents/Unreal Projects/BreachRepo/Breach/Content/BlueprintSource/FirstPersonHUD.uasset'
[2019.01.27-07.47.29:128][946]LogSavePackage: Display: Finished SavePackage ../../../../../../Users/Ryanc/Documents/Unreal Projects/BreachRepo/Breach/Content/BlueprintSource/FirstPersonHUD.uasset
[2019.01.27-07.47.30:565][118]LogTemp: Repeating last play command: Selected Viewport
[2019.01.27-07.47.30:614][118]LogBlueprintUserMessages: Early PlayInEditor Detection: Level '/Game/Maps/Level_1Map_1.Level_1Map_1:PersistentLevel' has LevelScriptBlueprint '/Game/Maps/Level_1Map_1.Level_1Map_1:PersistentLevel.Level_1Map_1' with GeneratedClass '/Game/Maps/Level_1Map_1.Level_1Map_1_C' with ClassGeneratedBy '/Game/Maps/Level_1Map_1.Level_1Map_1:PersistentLevel.Level_1Map_1'
[2019.01.27-07.47.30:614][118]LogPlayLevel: PlayLevel: No blueprints needed recompiling
[2019.01.27-07.47.30:614][118]PIE: New page: PIE session: Level_1Map_1 (Jan 26, 2019, 3:47:30 PM)
[2019.01.27-07.47.30:615][118]LogPlayLevel: Creating play world package: /Game/Maps/UEDPIE_0_Level_1Map_1
[2019.01.27-07.47.30:645][118]LogPlayLevel: PIE: StaticDuplicateObject took: (0.030341s)
[2019.01.27-07.47.30:647][118]LogAIModule: Creating AISystem for world Level_1Map_1
[2019.01.27-07.47.30:648][118]LogPlayLevel: PIE: World Init took: (0.001673s)
[2019.01.27-07.47.30:648][118]LogPlayLevel: PIE: Created PIE world by copying editor world from /Game/Maps/Level_1Map_1.Level_1Map_1 to /Game/Maps/UEDPIE_0_Level_1Map_1.Level_1Map_1 (0.033323s)
[2019.01.27-07.47.30:692][118]LogInit: XAudio2 using 'Speakers (2- Logitech G35 Gaming Headset)' : 6 channels at 44.1 kHz using 16 bits per sample (channel mask 0x3f)
[2019.01.27-07.47.30:713][118]LogInit: FAudioDevice initialized.
[2019.01.27-07.47.30:749][118]LogLoad: Game class is 'CPP_FirstPersonGameMode'
[2019.01.27-07.47.30:753][118]LogWorld: Bringing World /Game/Maps/UEDPIE_0_Level_1Map_1.Level_1Map_1 up for play (max tick rate 0) at 2019.01.26-23.47.30
[2019.01.27-07.47.30:754][118]LogWorld: Bringing up level for play took: 0.004095
[2019.01.27-07.47.30:755][118]LogSkeletalMesh: USkeletalMeshComponent::InitArticulated : Could not find root physics body: '/Game/Maps/UEDPIE_0_Level_1Map_1.Level_1Map_1:PersistentLevel.FirstPersonCharacter_C_0.Mesh2P'
[2019.01.27-07.47.30:757][118]PIE: Play in editor start time for /Game/Maps/UEDPIE_0_Level_1Map_1 -0.383
[2019.01.27-07.47.30:757][118]LogBlueprintUserMessages: Late PlayInEditor Detection: Level '/Game/Maps/Level_1Map_1.Level_1Map_1:PersistentLevel' has LevelScriptBlueprint '/Game/Maps/Level_1Map_1.Level_1Map_1:PersistentLevel.Level_1Map_1' with GeneratedClass '/Game/Maps/Level_1Map_1.Level_1Map_1_C' with ClassGeneratedBy '/Game/Maps/Level_1Map_1.Level_1Map_1:PersistentLevel.Level_1Map_1'
[2019.01.27-07.47.35:970][731]LogBlueprintUserMessages: Early EndPlayMap Detection: Level '/Game/Maps/Level_1Map_1.Level_1Map_1:PersistentLevel' has LevelScriptBlueprint '/Game/Maps/Level_1Map_1.Level_1Map_1:PersistentLevel.Level_1Map_1' with GeneratedClass '/Game/Maps/Level_1Map_1.Level_1Map_1_C' with ClassGeneratedBy '/Game/Maps/Level_1Map_1.Level_1Map_1:PersistentLevel.Level_1Map_1'
[2019.01.27-07.47.36:010][731]LogBlueprintUserMessages: Late EndPlayMap Detection: Level '/Game/Maps/Level_1Map_1.Level_1Map_1:PersistentLevel' has LevelScriptBlueprint '/Game/Maps/Level_1Map_1.Level_1Map_1:PersistentLevel.Level_1Map_1' with GeneratedClass '/Game/Maps/Level_1Map_1.Level_1Map_1_C' with ClassGeneratedBy '/Game/Maps/Level_1Map_1.Level_1Map_1:PersistentLevel.Level_1Map_1'
